Log file open, 09/13/21 00:41:06
LogWindows: Failed to load 'aqProf.dll' (GetLastError=126)
LogWindows: File 'aqProf.dll' does not exist
LogWindows: Failed to load 'VtuneApi.dll' (GetLastError=126)
LogWindows: File 'VtuneApi.dll' does not exist
LogWindows: Failed to load 'VtuneApi32e.dll' (GetLastError=126)
LogWindows: File 'VtuneApi32e.dll' does not exist
LogConsoleResponse: Display: Failed to find resolution value strings in scalability ini. Falling back to default.
LogConsoleResponse: Display: Failed to find resolution value strings in scalability ini. Falling back to default.
LogInit: Display: Running engine for game: Group_3_Project_1
LogPlatformFile: Not using cached read wrapper
LogTaskGraph: Started task graph with 5 named threads and 35 total threads with 3 sets of task threads.
LogStats: Stats thread started at 0.200877
LogICUInternationalization: ICU TimeZone Detection - Raw Offset: -5:00, Platform Override: ''
LogInit: Display: Loading text-based GConfig....
LogPluginManager: Mounting plugin MeshPainting
LogPluginManager: Mounting plugin XGEController
LogPluginManager: Mounting plugin Paper2D
LogPluginManager: Mounting plugin AISupport
LogPluginManager: Mounting plugin EnvironmentQueryEditor
LogPluginManager: Mounting plugin CameraShakePreviewer
LogPluginManager: Mounting plugin GameplayCameras
LogPluginManager: Mounting plugin LightPropagationVolume
LogPluginManager: Mounting plugin AnimationSharing
LogPluginManager: Mounting plugin CodeLiteSourceCodeAccess
LogPluginManager: Mounting plugin CLionSourceCodeAccess
LogPluginManager: Mounting plugin KDevelopSourceCodeAccess
LogPluginManager: Mounting plugin NullSourceCodeAccess
LogPluginManager: Mounting plugin GitSourceControl
LogPluginManager: Mounting plugin PerforceSourceControl
LogPluginManager: Mounting plugin PixWinPlugin
LogPluginManager: Mounting plugin PlasticSourceControl
LogPluginManager: Mounting plugin PropertyAccessNode
LogPluginManager: Mounting plugin PluginUtils
LogPluginManager: Mounting plugin SubversionSourceControl
LogPluginManager: Mounting plugin TextureFormatOodle
LogPluginManager: Mounting plugin RiderSourceCodeAccess
LogPluginManager: Mounting plugin AssetManagerEditor
LogPluginManager: Mounting plugin CryptoKeys
LogPluginManager: Mounting plugin CurveEditorTools
LogPluginManager: Mounting plugin DataValidation
LogPluginManager: Mounting plugin FacialAnimation
LogPluginManager: Mounting plugin GameplayTagsEditor
LogPluginManager: Mounting plugin GeometryMode
LogPluginManager: Mounting plugin MacGraphicsSwitching
LogPluginManager: Mounting plugin MaterialAnalyzer
LogPluginManager: Mounting plugin SpeedTreeImporter
LogPluginManager: Mounting plugin UObjectPlugin
LogPluginManager: Mounting plugin VisualStudioSourceCodeAccess
LogPluginManager: Mounting plugin VisualStudioCodeSourceCodeAccess
LogPluginManager: Mounting plugin MobileLauncherProfileWizard
LogPluginManager: Mounting plugin PluginBrowser
LogPluginManager: Mounting plugin XCodeSourceCodeAccess
LogPluginManager: Mounting plugin DatasmithContent
LogPluginManager: Mounting plugin VariantManagerContent
LogPluginManager: Mounting plugin AlembicImporter
LogPluginManager: Mounting plugin AutomationUtils
LogPluginManager: Mounting plugin BackChannel
LogPluginManager: Mounting plugin ChaosCloth
LogPluginManager: Mounting plugin ChaosEditor
LogPluginManager: Mounting plugin ChaosNiagara
LogPluginManager: Mounting plugin ChaosClothEditor
LogPluginManager: Mounting plugin ChaosSolverPlugin
LogPluginManager: Mounting plugin CharacterAI
LogPluginManager: Mounting plugin GeometryCache
LogPluginManager: Mounting plugin GeometryCollectionPlugin
LogPluginManager: Mounting plugin Niagara
LogPluginManager: Mounting plugin GeometryProcessing
LogPluginManager: Mounting plugin MotoSynth
LogPluginManager: Mounting plugin OpenImageDenoise
LogPluginManager: Mounting plugin PlanarCut
LogPluginManager: Mounting plugin PlatformCrypto
LogPluginManager: Mounting plugin ProxyLODPlugin
LogPluginManager: Mounting plugin PythonScriptPlugin
LogPluginManager: Mounting plugin SkeletalReduction
LogPluginManager: Mounting plugin AndroidMedia
LogPluginManager: Mounting plugin AvfMedia
LogPluginManager: Mounting plugin ImgMedia
LogPluginManager: Mounting plugin MediaCompositing
LogPluginManager: Mounting plugin MediaPlayerEditor
LogPluginManager: Mounting plugin WmfMedia
LogPluginManager: Mounting plugin WebMMedia
LogPluginManager: Mounting plugin LuminPlatformFeatures
LogPluginManager: Mounting plugin MagicLeap
LogPluginManager: Mounting plugin MagicLeapMedia
LogPluginManager: Mounting plugin MagicLeapPassableWorld
LogPluginManager: Mounting plugin MLSDK
LogPluginManager: Mounting plugin TcpMessaging
LogPluginManager: Mounting plugin UdpMessaging
LogPluginManager: Mounting plugin ActorSequence
LogPluginManager: Mounting plugin MatineeToLevelSequence
LogPluginManager: Mounting plugin LevelSequenceEditor
LogPluginManager: Mounting plugin MagicLeapLightEstimation
LogPluginManager: Mounting plugin OnlineSubsystem
LogPluginManager: Mounting plugin OnlineSubsystemNull
LogPluginManager: Mounting plugin OnlineSubsystemUtils
LogPluginManager: Mounting plugin ActorLayerUtilities
LogPluginManager: Mounting plugin LauncherChunkInstaller
LogPluginManager: Mounting plugin AndroidDeviceProfileSelector
LogPluginManager: Mounting plugin AndroidPermission
LogPluginManager: Mounting plugin AndroidMoviePlayer
LogPluginManager: Mounting plugin AppleMoviePlayer
LogPluginManager: Mounting plugin ArchVisCharacter
LogPluginManager: Mounting plugin AppleImageUtils
LogPluginManager: Mounting plugin AssetTags
LogPluginManager: Mounting plugin AudioCapture
LogPluginManager: Mounting plugin AudioSynesthesia
LogPluginManager: Mounting plugin CableComponent
LogPluginManager: Mounting plugin ChunkDownloader
LogPluginManager: Mounting plugin CustomMeshComponent
LogPluginManager: Mounting plugin EditableMesh
LogPluginManager: Mounting plugin ExampleDeviceProfileSelector
LogPluginManager: Mounting plugin GoogleCloudMessaging
LogPluginManager: Mounting plugin GooglePAD
LogPluginManager: Mounting plugin TemplateSequence
LogPluginManager: Mounting plugin IOSDeviceProfileSelector
LogPluginManager: Mounting plugin LinuxDeviceProfileSelector
LogPluginManager: Mounting plugin LocationServicesBPLibrary
LogPluginManager: Mounting plugin MobilePatchingUtils
LogPluginManager: Mounting plugin OpenXREyeTracker
LogPluginManager: Mounting plugin PhysXVehicles
LogPluginManager: Mounting plugin PostSplashScreen
LogPluginManager: Mounting plugin ProceduralMeshComponent
LogPluginManager: Mounting plugin PropertyAccessEditor
LogPluginManager: Mounting plugin RuntimePhysXCooking
LogPluginManager: Mounting plugin SignificanceManager
LogPluginManager: Mounting plugin SoundFields
LogPluginManager: Mounting plugin Synthesis
LogPluginManager: Mounting plugin OpenXRHandTracking
LogPluginManager: Mounting plugin OpenXR
LogPluginManager: Mounting plugin WebMMoviePlayer
LogPluginManager: Mounting plugin ScreenshotTools
LogPluginManager: Mounting plugin Takes
LogPluginManager: Mounting plugin OodleData
LogPluginManager: Mounting plugin OodleNetwork
LogPluginManager: Mounting plugin LiveLink
LogPluginManager: Mounting plugin WindowsMoviePlayer
LogPluginManager: Mounting plugin ContentBrowserAssetDataSource
LogPluginManager: Mounting plugin ContentBrowserClassDataSource
LogPluginManager: Mounting plugin ContentBrowserFileDataSource
LogPluginManager: Mounting plugin OnlineSubsystemGooglePlay
LogPluginManager: Mounting plugin OnlineSubsystemIOS
LogPluginManager: Mounting plugin OculusVR
LogPluginManager: Mounting plugin SteamVR
PixWinPlugin: PIX capture plugin failed to initialize! Check that the process is launched from PIX.
LogInit: Using libcurl 7.55.1-DEV
LogInit:  - built for x86_64-pc-win32
LogInit:  - supports SSL with OpenSSL/1.1.1
LogInit:  - supports HTTP deflate (compression) using libz 1.2.8
LogInit:  - other features:
LogInit:      CURL_VERSION_SSL
LogInit:      CURL_VERSION_LIBZ
LogInit:      CURL_VERSION_IPV6
LogInit:      CURL_VERSION_ASYNCHDNS
LogInit:      CURL_VERSION_LARGEFILE
LogInit:      CURL_VERSION_IDN
LogInit:  CurlRequestOptions (configurable via config and command line):
LogInit:  - bVerifyPeer = true  - Libcurl will verify peer certificate
LogInit:  - bUseHttpProxy = false  - Libcurl will NOT use HTTP proxy
LogInit:  - bDontReuseConnections = false  - Libcurl will reuse connections
LogInit:  - MaxHostConnections = 16  - Libcurl will limit the number of connections to a host
LogInit:  - LocalHostAddr = Default
LogInit:  - BufferSize = 65536
LogOnline: OSS: Creating online subsystem instance for: NULL
LogInit: WinSock: version 1.1 (2.2), MaxSocks=32767, MaxUdp=65467
LogOnline: OSS: TryLoadSubsystemAndSetDefault: Loaded subsystem for module [NULL]
LogOculusPluginWrapper: OculusPlugin initialized successfully
LogHMD: Failed initializing OVRPlugin 1.59.0
LogInit: Build: ++UE4+Release-4.27-CL-17155196
LogInit: Engine Version: 4.27.0-17155196+++UE4+Release-4.27
LogInit: Compatible Engine Version: 4.27.0-17155196+++UE4+Release-4.27
LogInit: Net CL: 17155196
LogInit: OS: Windows 10 (Release 2009) (), CPU: Intel(R) Core(TM) i5-10600K CPU @ 4.10GHz, GPU: NVIDIA GeForce GTX 1060 3GB
LogInit: Compiled (64-bit): Aug 13 2021 06:13:13
LogInit: Compiled with Visual C++: 19.24.28315.00
LogInit: Build Configuration: Development
LogInit: Branch Name: ++UE4+Release-4.27
LogInit: Command Line:  /Game/Levels/MainMenu -game -PIEVIACONSOLE -Multiprocess "GameUserSettingsINI=D:/Epic Games/Group-3/Group_3_Project_1/Saved/Config/Windows/PIEGameUserSettings0.ini" -MultiprocessSaveConfig -forcepassthrough -messaging -SessionName="Play in Standalone Game" -windowed -WinX=320 -WinY=184 SAVEWINPOS=1 -ResX=1280 -ResY=720
LogInit: Base Directory: C:/Program Files/Epic Games/UE_4.27/Engine/Binaries/Win64/
LogInit: Allocator: TBB
LogInit: Installed Engine Build: 1
LogDevObjectVersion: Number of dev versions registered: 29
LogDevObjectVersion:   Dev-Blueprints (B0D832E4-1F89-4F0D-ACCF-7EB736FD4AA2): 10
LogDevObjectVersion:   Dev-Build (E1C64328-A22C-4D53-A36C-8E866417BD8C): 0
LogDevObjectVersion:   Dev-Core (375EC13C-06E4-48FB-B500-84F0262A717E): 4
LogDevObjectVersion:   Dev-Editor (E4B068ED-F494-42E9-A231-DA0B2E46BB41): 40
LogDevObjectVersion:   Dev-Framework (CFFC743F-43B0-4480-9391-14DF171D2073): 37
LogDevObjectVersion:   Dev-Mobile (B02B49B5-BB20-44E9-A304-32B752E40360): 3
LogDevObjectVersion:   Dev-Networking (A4E4105C-59A1-49B5-A7C5-40C4547EDFEE): 0
LogDevObjectVersion:   Dev-Online (39C831C9-5AE6-47DC-9A44-9C173E1C8E7C): 0
LogDevObjectVersion:   Dev-Physics (78F01B33-EBEA-4F98-B9B4-84EACCB95AA2): 14
LogDevObjectVersion:   Dev-Platform (6631380F-2D4D-43E0-8009-CF276956A95A): 0
LogDevObjectVersion:   Dev-Rendering (12F88B9F-8875-4AFC-A67C-D90C383ABD29): 45
LogDevObjectVersion:   Dev-Sequencer (7B5AE74C-D270-4C10-A958-57980B212A5A): 13
LogDevObjectVersion:   Dev-VR (D7296918-1DD6-4BDD-9DE2-64A83CC13884): 3
LogDevObjectVersion:   Dev-LoadTimes (C2A15278-BFE7-4AFE-6C17-90FF531DF755): 1
LogDevObjectVersion:   Private-Geometry (6EACA3D4-40EC-4CC1-B786-8BED09428FC5): 3
LogDevObjectVersion:   Dev-AnimPhys (29E575DD-E0A3-4627-9D10-D276232CDCEA): 17
LogDevObjectVersion:   Dev-Anim (AF43A65D-7FD3-4947-9873-3E8ED9C1BB05): 15
LogDevObjectVersion:   Dev-ReflectionCapture (6B266CEC-1EC7-4B8F-A30B-E4D90942FC07): 1
LogDevObjectVersion:   Dev-Automation (0DF73D61-A23F-47EA-B727-89E90C41499A): 1
LogDevObjectVersion:   FortniteMain (601D1886-AC64-4F84-AA16-D3DE0DEAC7D6): 47
LogDevObjectVersion:   FortniteRelease (E7086368-6B23-4C58-8439-1B7016265E91): 1
LogDevObjectVersion:   Dev-Enterprise (9DFFBCD6-494F-0158-E221-12823C92A888): 10
LogDevObjectVersion:   Dev-Niagara (F2AED0AC-9AFE-416F-8664-AA7FFA26D6FC): 1
LogDevObjectVersion:   Dev-Destruction (174F1F0B-B4C6-45A5-B13F-2EE8D0FB917D): 10
LogDevObjectVersion:   Dev-Physics-Ext (35F94A83-E258-406C-A318-09F59610247C): 41
LogDevObjectVersion:   Dev-PhysicsMaterial-Chaos (B68FC16E-8B1B-42E2-B453-215C058844FE): 1
LogDevObjectVersion:   Dev-CineCamera (B2E18506-4273-CFC2-A54E-F4BB758BBA07): 1
LogDevObjectVersion:   Dev-VirtualProduction (64F58936-FD1B-42BA-BA96-7289D5D0FA4E): 1
LogDevObjectVersion:   Dev-MediaFramework (6F0ED827-A609-4895-9C91-998D90180EA4): 2
LogInit: Presizing for max 25165824 objects, including 0 objects not considered by GC, pre-allocating 0 bytes for permanent pool.
LogConfig: Applying CVar settings from Section [/Script/Engine.StreamingSettings] File [D:/Epic Games/Group-3/Group_3_Project_1/Saved/Config/Windows/Engine.ini]
LogConfig: Setting CVar [[s.MinBulkDataSizeForAsyncLoading:131072]]
LogConfig: Setting CVar [[s.AsyncLoadingThreadEnabled:0]]
LogConfig: Setting CVar [[s.EventDrivenLoaderEnabled:1]]
LogConfig: Setting CVar [[s.WarnIfTimeLimitExceeded:0]]
LogConfig: Setting CVar [[s.TimeLimitExceededMultiplier:1.5]]
LogConfig: Setting CVar [[s.TimeLimitExceededMinTime:0.005]]
LogConfig: Setting CVar [[s.UseBackgroundLevelStreaming:1]]
LogConfig: Setting CVar [[s.PriorityAsyncLoadingExtraTime:15.0]]
LogConfig: Setting CVar [[s.LevelStreamingActorsUpdateTimeLimit:5.0]]
LogConfig: Setting CVar [[s.PriorityLevelStreamingActorsUpdateExtraTime:5.0]]
LogConfig: Setting CVar [[s.LevelStreamingComponentsRegistrationGranularity:10]]
LogConfig: Setting CVar [[s.UnregisterComponentsTimeLimit:1.0]]
LogConfig: Setting CVar [[s.LevelStreamingComponentsUnregistrationGranularity:5]]
LogConfig: Setting CVar [[s.FlushStreamingOnExit:1]]
LogInit: Object subsystem initialized
LogConfig: Setting CVar [[con.DebugEarlyDefault:1]]
LogConfig: Setting CVar [[r.setres:1280x720]]
[2021.09.13-04.41.07:067][  0]LogConfig: Setting CVar [[con.DebugEarlyDefault:1]]
[2021.09.13-04.41.07:067][  0]LogConfig: Setting CVar [[r.setres:1280x720]]
[2021.09.13-04.41.07:067][  0]LogConfig: Applying CVar settings from Section [/Script/Engine.RendererSettings] File [D:/Epic Games/Group-3/Group_3_Project_1/Saved/Config/Windows/Engine.ini]
[2021.09.13-04.41.07:067][  0]LogConfig: Setting CVar [[r.GPUCrashDebugging:0]]
[2021.09.13-04.41.07:067][  0]LogConfig: Applying CVar settings from Section [/Script/Engine.RendererOverrideSettings] File [D:/Epic Games/Group-3/Group_3_Project_1/Saved/Config/Windows/Engine.ini]
[2021.09.13-04.41.07:067][  0]LogConfig: Applying CVar settings from Section [/Script/Engine.StreamingSettings] File [D:/Epic Games/Group-3/Group_3_Project_1/Saved/Config/Windows/Engine.ini]
[2021.09.13-04.41.07:067][  0]LogConfig: Setting CVar [[s.MinBulkDataSizeForAsyncLoading:131072]]
[2021.09.13-04.41.07:067][  0]LogConfig: Setting CVar [[s.AsyncLoadingThreadEnabled:0]]
[2021.09.13-04.41.07:067][  0]LogConfig: Setting CVar [[s.EventDrivenLoaderEnabled:1]]
[2021.09.13-04.41.07:067][  0]LogConfig: Setting CVar [[s.WarnIfTimeLimitExceeded:0]]
[2021.09.13-04.41.07:067][  0]LogConfig: Setting CVar [[s.TimeLimitExceededMultiplier:1.5]]
[2021.09.13-04.41.07:067][  0]LogConfig: Setting CVar [[s.TimeLimitExceededMinTime:0.005]]
[2021.09.13-04.41.07:067][  0]LogConfig: Setting CVar [[s.UseBackgroundLevelStreaming:1]]
[2021.09.13-04.41.07:067][  0]LogConfig: Setting CVar [[s.PriorityAsyncLoadingExtraTime:15.0]]
[2021.09.13-04.41.07:067][  0]LogConfig: Setting CVar [[s.LevelStreamingActorsUpdateTimeLimit:5.0]]
[2021.09.13-04.41.07:067][  0]LogConfig: Setting CVar [[s.PriorityLevelStreamingActorsUpdateExtraTime:5.0]]
[2021.09.13-04.41.07:067][  0]LogConfig: Setting CVar [[s.LevelStreamingComponentsRegistrationGranularity:10]]
[2021.09.13-04.41.07:067][  0]LogConfig: Setting CVar [[s.UnregisterComponentsTimeLimit:1.0]]
[2021.09.13-04.41.07:067][  0]LogConfig: Setting CVar [[s.LevelStreamingComponentsUnregistrationGranularity:5]]
[2021.09.13-04.41.07:067][  0]LogConfig: Setting CVar [[s.FlushStreamingOnExit:1]]
[2021.09.13-04.41.07:067][  0]LogConfig: Applying CVar settings from Section [/Script/Engine.GarbageCollectionSettings] File [D:/Epic Games/Group-3/Group_3_Project_1/Saved/Config/Windows/Engine.ini]
[2021.09.13-04.41.07:067][  0]LogConfig: Setting CVar [[gc.MaxObjectsNotConsideredByGC:1]]
[2021.09.13-04.41.07:067][  0]LogConfig: Setting CVar [[gc.SizeOfPermanentObjectPool:0]]
[2021.09.13-04.41.07:067][  0]LogConfig: Setting CVar [[gc.FlushStreamingOnGC:0]]
[2021.09.13-04.41.07:067][  0]LogConfig: Setting CVar [[gc.NumRetriesBeforeForcingGC:10]]
[2021.09.13-04.41.07:067][  0]LogConfig: Setting CVar [[gc.AllowParallelGC:1]]
[2021.09.13-04.41.07:067][  0]LogConfig: Setting CVar [[gc.TimeBetweenPurgingPendingKillObjects:61.1]]
[2021.09.13-04.41.07:067][  0]LogConfig: Setting CVar [[gc.MaxObjectsInEditor:25165824]]
[2021.09.13-04.41.07:067][  0]LogConfig: Setting CVar [[gc.IncrementalBeginDestroyEnabled:1]]
[2021.09.13-04.41.07:067][  0]LogConfig: Setting CVar [[gc.CreateGCClusters:1]]
[2021.09.13-04.41.07:067][  0]LogConfig: Setting CVar [[gc.MinGCClusterSize:5]]
[2021.09.13-04.41.07:067][  0]LogConfig: Setting CVar [[gc.ActorClusteringEnabled:0]]
[2021.09.13-04.41.07:067][  0]LogConfig: Setting CVar [[gc.BlueprintClusteringEnabled:0]]
[2021.09.13-04.41.07:067][  0]LogConfig: Setting CVar [[gc.UseDisregardForGCOnDedicatedServers:0]]
[2021.09.13-04.41.07:067][  0]LogConfig: Setting CVar [[gc.MultithreadedDestructionEnabled:1]]
[2021.09.13-04.41.07:067][  0]LogConfig: Applying CVar settings from Section [/Script/Engine.NetworkSettings] File [D:/Epic Games/Group-3/Group_3_Project_1/Saved/Config/Windows/Engine.ini]
[2021.09.13-04.41.07:067][  0]LogConfig: Applying CVar settings from Section [/Script/UnrealEd.CookerSettings] File [D:/Epic Games/Group-3/Group_3_Project_1/Saved/Config/Windows/Engine.ini]
[2021.09.13-04.41.07:084][  0]LogConfig: Applying CVar settings from Section [ViewDistanceQuality@3] File [D:/Epic Games/Group-3/Group_3_Project_1/Saved/Config/Windows/Scalability.ini]
[2021.09.13-04.41.07:084][  0]LogConfig: Setting CVar [[r.SkeletalMeshLODBias:0]]
[2021.09.13-04.41.07:084][  0]LogConfig: Setting CVar [[r.ViewDistanceScale:1.0]]
[2021.09.13-04.41.07:084][  0]LogConfig: Applying CVar settings from Section [AntiAliasingQuality@3] File [D:/Epic Games/Group-3/Group_3_Project_1/Saved/Config/Windows/Scalability.ini]
[2021.09.13-04.41.07:084][  0]LogConfig: Setting CVar [[r.PostProcessAAQuality:4]]
[2021.09.13-04.41.07:084][  0]LogConfig: Applying CVar settings from Section [ShadowQuality@3] File [D:/Epic Games/Group-3/Group_3_Project_1/Saved/Config/Windows/Scalability.ini]
[2021.09.13-04.41.07:084][  0]LogConfig: Setting CVar [[r.LightFunctionQuality:1]]
[2021.09.13-04.41.07:084][  0]LogConfig: Setting CVar [[r.ShadowQuality:5]]
[2021.09.13-04.41.07:084][  0]LogConfig: Setting CVar [[r.Shadow.CSM.MaxCascades:10]]
[2021.09.13-04.41.07:084][  0]LogConfig: Setting CVar [[r.Shadow.MaxResolution:2048]]
[2021.09.13-04.41.07:084][  0]LogConfig: Setting CVar [[r.Shadow.MaxCSMResolution:2048]]
[2021.09.13-04.41.07:084][  0]LogConfig: Setting CVar [[r.Shadow.RadiusThreshold:0.01]]
[2021.09.13-04.41.07:084][  0]LogConfig: Setting CVar [[r.Shadow.DistanceScale:1.0]]
[2021.09.13-04.41.07:084][  0]LogConfig: Setting CVar [[r.Shadow.CSM.TransitionScale:1.0]]
[2021.09.13-04.41.07:084][  0]LogConfig: Setting CVar [[r.Shadow.PreShadowResolutionFactor:1.0]]
[2021.09.13-04.41.07:084][  0]LogConfig: Setting CVar [[r.DistanceFieldShadowing:1]]
[2021.09.13-04.41.07:084][  0]LogConfig: Setting CVar [[r.DistanceFieldAO:1]]
[2021.09.13-04.41.07:084][  0]LogConfig: Setting CVar [[r.AOQuality:2]]
[2021.09.13-04.41.07:084][  0]LogConfig: Setting CVar [[r.VolumetricFog:1]]
[2021.09.13-04.41.07:084][  0]LogConfig: Setting CVar [[r.VolumetricFog.GridPixelSize:8]]
[2021.09.13-04.41.07:084][  0]LogConfig: Setting CVar [[r.VolumetricFog.GridSizeZ:128]]
[2021.09.13-04.41.07:084][  0]LogConfig: Setting CVar [[r.VolumetricFog.HistoryMissSupersampleCount:4]]
[2021.09.13-04.41.07:084][  0]LogConfig: Setting CVar [[r.LightMaxDrawDistanceScale:1]]
[2021.09.13-04.41.07:084][  0]LogConfig: Setting CVar [[r.CapsuleShadows:1]]
[2021.09.13-04.41.07:084][  0]LogConfig: Applying CVar settings from Section [PostProcessQuality@3] File [D:/Epic Games/Group-3/Group_3_Project_1/Saved/Config/Windows/Scalability.ini]
[2021.09.13-04.41.07:084][  0]LogConfig: Setting CVar [[r.MotionBlurQuality:4]]
[2021.09.13-04.41.07:084][  0]LogConfig: Setting CVar [[r.AmbientOcclusionMipLevelFactor:0.4]]
[2021.09.13-04.41.07:084][  0]LogConfig: Setting CVar [[r.AmbientOcclusionMaxQuality:100]]
[2021.09.13-04.41.07:084][  0]LogConfig: Setting CVar [[r.AmbientOcclusionLevels:-1]]
[2021.09.13-04.41.07:084][  0]LogConfig: Setting CVar [[r.AmbientOcclusionRadiusScale:1.0]]
[2021.09.13-04.41.07:084][  0]LogConfig: Setting CVar [[r.DepthOfFieldQuality:2]]
[2021.09.13-04.41.07:084][  0]LogConfig: Setting CVar [[r.RenderTargetPoolMin:400]]
[2021.09.13-04.41.07:084][  0]LogConfig: Setting CVar [[r.LensFlareQuality:2]]
[2021.09.13-04.41.07:084][  0]LogConfig: Setting CVar [[r.SceneColorFringeQuality:1]]
[2021.09.13-04.41.07:084][  0]LogConfig: Setting CVar [[r.EyeAdaptationQuality:2]]
[2021.09.13-04.41.07:084][  0]LogConfig: Setting CVar [[r.BloomQuality:5]]
[2021.09.13-04.41.07:084][  0]LogConfig: Setting CVar [[r.FastBlurThreshold:100]]
[2021.09.13-04.41.07:084][  0]LogConfig: Setting CVar [[r.Upscale.Quality:3]]
[2021.09.13-04.41.07:084][  0]LogConfig: Setting CVar [[r.Tonemapper.GrainQuantization:1]]
[2021.09.13-04.41.07:084][  0]LogConfig: Setting CVar [[r.LightShaftQuality:1]]
[2021.09.13-04.41.07:084][  0]LogConfig: Setting CVar [[r.Filter.SizeScale:1]]
[2021.09.13-04.41.07:084][  0]LogConfig: Setting CVar [[r.Tonemapper.Quality:5]]
[2021.09.13-04.41.07:084][  0]LogConfig: Setting CVar [[r.DOF.Gather.AccumulatorQuality:1        ; higher gathering accumulator quality]]
[2021.09.13-04.41.07:084][  0]LogConfig: Setting CVar [[r.DOF.Gather.PostfilterMethod:1          ; Median3x3 postfilering method]]
[2021.09.13-04.41.07:084][  0]LogConfig: Setting CVar [[r.DOF.Gather.EnableBokehSettings:0       ; no bokeh simulation when gathering]]
[2021.09.13-04.41.07:084][  0]LogConfig: Setting CVar [[r.DOF.Gather.RingCount:4                 ; medium number of samples when gathering]]
[2021.09.13-04.41.07:084][  0]LogConfig: Setting CVar [[r.DOF.Scatter.ForegroundCompositing:1    ; additive foreground scattering]]
[2021.09.13-04.41.07:084][  0]LogConfig: Setting CVar [[r.DOF.Scatter.BackgroundCompositing:2    ; additive background scattering]]
[2021.09.13-04.41.07:084][  0]LogConfig: Setting CVar [[r.DOF.Scatter.EnableBokehSettings:1      ; bokeh simulation when scattering]]
[2021.09.13-04.41.07:084][  0]LogConfig: Setting CVar [[r.DOF.Scatter.MaxSpriteRatio:0.1         ; only a maximum of 10% of scattered bokeh]]
[2021.09.13-04.41.07:084][  0]LogConfig: Setting CVar [[r.DOF.Recombine.Quality:1                ; cheap slight out of focus]]
[2021.09.13-04.41.07:084][  0]LogConfig: Setting CVar [[r.DOF.Recombine.EnableBokehSettings:0    ; no bokeh simulation on slight out of focus]]
[2021.09.13-04.41.07:084][  0]LogConfig: Setting CVar [[r.DOF.TemporalAAQuality:1                ; more stable temporal accumulation]]
[2021.09.13-04.41.07:084][  0]LogConfig: Setting CVar [[r.DOF.Kernel.MaxForegroundRadius:0.025]]
[2021.09.13-04.41.07:084][  0]LogConfig: Setting CVar [[r.DOF.Kernel.MaxBackgroundRadius:0.025]]
[2021.09.13-04.41.07:084][  0]LogConfig: Applying CVar settings from Section [TextureQuality@3] File [D:/Epic Games/Group-3/Group_3_Project_1/Saved/Config/Windows/Scalability.ini]
[2021.09.13-04.41.07:084][  0]LogConfig: Setting CVar [[r.Streaming.MipBias:0]]
[2021.09.13-04.41.07:084][  0]LogConfig: Setting CVar [[r.Streaming.AmortizeCPUToGPUCopy:0]]
[2021.09.13-04.41.07:084][  0]LogConfig: Setting CVar [[r.Streaming.MaxNumTexturesToStreamPerFrame:0]]
[2021.09.13-04.41.07:084][  0]LogConfig: Setting CVar [[r.Streaming.Boost:1]]
[2021.09.13-04.41.07:085][  0]LogConfig: Setting CVar [[r.MaxAnisotropy:8]]
[2021.09.13-04.41.07:085][  0]LogConfig: Setting CVar [[r.VT.MaxAnisotropy:8]]
[2021.09.13-04.41.07:085][  0]LogConfig: Setting CVar [[r.Streaming.LimitPoolSizeToVRAM:0]]
[2021.09.13-04.41.07:085][  0]LogConfig: Setting CVar [[r.Streaming.PoolSize:1000]]
[2021.09.13-04.41.07:085][  0]LogConfig: Setting CVar [[r.Streaming.MaxEffectiveScreenSize:0]]
[2021.09.13-04.41.07:085][  0]LogConfig: Applying CVar settings from Section [EffectsQuality@3] File [D:/Epic Games/Group-3/Group_3_Project_1/Saved/Config/Windows/Scalability.ini]
[2021.09.13-04.41.07:085][  0]LogConfig: Setting CVar [[r.TranslucencyLightingVolumeDim:64]]
[2021.09.13-04.41.07:085][  0]LogConfig: Setting CVar [[r.RefractionQuality:2]]
[2021.09.13-04.41.07:085][  0]LogConfig: Setting CVar [[r.SSR.Quality:3]]
[2021.09.13-04.41.07:085][  0]LogConfig: Setting CVar [[r.SSR.HalfResSceneColor:0]]
[2021.09.13-04.41.07:085][  0]LogConfig: Setting CVar [[r.SceneColorFormat:4]]
[2021.09.13-04.41.07:085][  0]LogConfig: Setting CVar [[r.DetailMode:2]]
[2021.09.13-04.41.07:085][  0]LogConfig: Setting CVar [[r.TranslucencyVolumeBlur:1]]
[2021.09.13-04.41.07:085][  0]LogConfig: Setting CVar [[r.MaterialQualityLevel:1 ; High quality]]
[2021.09.13-04.41.07:085][  0]LogConfig: Setting CVar [[r.AnisotropicMaterials:1]]
[2021.09.13-04.41.07:085][  0]LogConfig: Setting CVar [[r.SSS.Scale:1]]
[2021.09.13-04.41.07:085][  0]LogConfig: Setting CVar [[r.SSS.SampleSet:2]]
[2021.09.13-04.41.07:085][  0]LogConfig: Setting CVar [[r.SSS.Quality:1]]
[2021.09.13-04.41.07:085][  0]LogConfig: Setting CVar [[r.SSS.HalfRes:0]]
[2021.09.13-04.41.07:085][  0]LogConfig: Setting CVar [[r.SSGI.Quality:3]]
[2021.09.13-04.41.07:085][  0]LogConfig: Setting CVar [[r.EmitterSpawnRateScale:1.0]]
[2021.09.13-04.41.07:085][  0]LogConfig: Setting CVar [[r.ParticleLightQuality:2]]
[2021.09.13-04.41.07:085][  0]LogConfig: Setting CVar [[r.SkyAtmosphere.AerialPerspectiveLUT.FastApplyOnOpaque:1 ; Always have FastSkyLUT 1 in this case to avoid wrong sky]]
[2021.09.13-04.41.07:085][  0]LogConfig: Setting CVar [[r.SkyAtmosphere.AerialPerspectiveLUT.SampleCountMaxPerSlice:4]]
[2021.09.13-04.41.07:085][  0]LogConfig: Setting CVar [[r.SkyAtmosphere.AerialPerspectiveLUT.DepthResolution:16.0]]
[2021.09.13-04.41.07:085][  0]LogConfig: Setting CVar [[r.SkyAtmosphere.FastSkyLUT:1]]
[2021.09.13-04.41.07:085][  0]LogConfig: Setting CVar [[r.SkyAtmosphere.FastSkyLUT.SampleCountMin:4.0]]
[2021.09.13-04.41.07:085][  0]LogConfig: Setting CVar [[r.SkyAtmosphere.FastSkyLUT.SampleCountMax:128.0]]
[2021.09.13-04.41.07:085][  0]LogConfig: Setting CVar [[r.SkyAtmosphere.SampleCountMin:4.0]]
[2021.09.13-04.41.07:085][  0]LogConfig: Setting CVar [[r.SkyAtmosphere.SampleCountMax:128.0]]
[2021.09.13-04.41.07:085][  0]LogConfig: Setting CVar [[r.SkyAtmosphere.TransmittanceLUT.UseSmallFormat:0]]
[2021.09.13-04.41.07:085][  0]LogConfig: Setting CVar [[r.SkyAtmosphere.TransmittanceLUT.SampleCount:10.0]]
[2021.09.13-04.41.07:085][  0]LogConfig: Setting CVar [[r.SkyAtmosphere.MultiScatteringLUT.SampleCount:15.0]]
[2021.09.13-04.41.07:085][  0]LogConfig: Setting CVar [[r.SkyLight.RealTimeReflectionCapture:1]]
[2021.09.13-04.41.07:085][  0]LogConfig: Applying CVar settings from Section [FoliageQuality@3] File [D:/Epic Games/Group-3/Group_3_Project_1/Saved/Config/Windows/Scalability.ini]
[2021.09.13-04.41.07:085][  0]LogConfig: Setting CVar [[foliage.DensityScale:1.0]]
[2021.09.13-04.41.07:085][  0]LogConfig: Setting CVar [[grass.DensityScale:1.0]]
[2021.09.13-04.41.07:085][  0]LogConfig: Applying CVar settings from Section [ShadingQuality@3] File [D:/Epic Games/Group-3/Group_3_Project_1/Saved/Config/Windows/Scalability.ini]
[2021.09.13-04.41.07:085][  0]LogConfig: Setting CVar [[r.HairStrands.SkyLighting.IntegrationType:2]]
[2021.09.13-04.41.07:085][  0]LogConfig: Setting CVar [[r.HairStrands.SkyAO.SampleCount:4]]
[2021.09.13-04.41.07:085][  0]LogConfig: Setting CVar [[r.HairStrands.Visibility.MSAA.SamplePerPixel:4]]
[2021.09.13-04.41.07:085][  0]LogInit: Selected Device Profile: [Windows]
[2021.09.13-04.41.07:085][  0]LogInit: Applying CVar settings loaded from the selected device profile: [Windows]
[2021.09.13-04.41.07:085][  0]LogHAL: Display: Platform has ~ 32 GB [34222772224 / 34359738368 / 32], which maps to Largest [LargestMinGB=32, LargerMinGB=12, DefaultMinGB=8, SmallerMinGB=6, SmallestMinGB=0)
[2021.09.13-04.41.07:085][  0]LogInit: Going up to parent DeviceProfile []
[2021.09.13-04.41.07:085][  0]LogConfig: Applying CVar settings from Section [ViewDistanceQuality@3] File [D:/Epic Games/Group-3/Group_3_Project_1/Saved/Config/Windows/Scalability.ini]
[2021.09.13-04.41.07:085][  0]LogConfig: Setting CVar [[r.SkeletalMeshLODBias:0]]
[2021.09.13-04.41.07:085][  0]LogConfig: Setting CVar [[r.ViewDistanceScale:1.0]]
[2021.09.13-04.41.07:085][  0]LogConfig: Applying CVar settings from Section [AntiAliasingQuality@3] File [D:/Epic Games/Group-3/Group_3_Project_1/Saved/Config/Windows/Scalability.ini]
[2021.09.13-04.41.07:085][  0]LogConfig: Setting CVar [[r.PostProcessAAQuality:4]]
[2021.09.13-04.41.07:085][  0]LogConfig: Applying CVar settings from Section [ShadowQuality@3] File [D:/Epic Games/Group-3/Group_3_Project_1/Saved/Config/Windows/Scalability.ini]
[2021.09.13-04.41.07:085][  0]LogConfig: Setting CVar [[r.LightFunctionQuality:1]]
[2021.09.13-04.41.07:085][  0]LogConfig: Setting CVar [[r.ShadowQuality:5]]
[2021.09.13-04.41.07:085][  0]LogConfig: Setting CVar [[r.Shadow.CSM.MaxCascades:10]]
[2021.09.13-04.41.07:085][  0]LogConfig: Setting CVar [[r.Shadow.MaxResolution:2048]]
[2021.09.13-04.41.07:085][  0]LogConfig: Setting CVar [[r.Shadow.MaxCSMResolution:2048]]
[2021.09.13-04.41.07:085][  0]LogConfig: Setting CVar [[r.Shadow.RadiusThreshold:0.01]]
[2021.09.13-04.41.07:085][  0]LogConfig: Setting CVar [[r.Shadow.DistanceScale:1.0]]
[2021.09.13-04.41.07:085][  0]LogConfig: Setting CVar [[r.Shadow.CSM.TransitionScale:1.0]]
[2021.09.13-04.41.07:085][  0]LogConfig: Setting CVar [[r.Shadow.PreShadowResolutionFactor:1.0]]
[2021.09.13-04.41.07:085][  0]LogConfig: Setting CVar [[r.DistanceFieldShadowing:1]]
[2021.09.13-04.41.07:085][  0]LogConfig: Setting CVar [[r.DistanceFieldAO:1]]
[2021.09.13-04.41.07:085][  0]LogConfig: Setting CVar [[r.AOQuality:2]]
[2021.09.13-04.41.07:085][  0]LogConfig: Setting CVar [[r.VolumetricFog:1]]
[2021.09.13-04.41.07:085][  0]LogConfig: Setting CVar [[r.VolumetricFog.GridPixelSize:8]]
[2021.09.13-04.41.07:085][  0]LogConfig: Setting CVar [[r.VolumetricFog.GridSizeZ:128]]
[2021.09.13-04.41.07:085][  0]LogConfig: Setting CVar [[r.VolumetricFog.HistoryMissSupersampleCount:4]]
[2021.09.13-04.41.07:085][  0]LogConfig: Setting CVar [[r.LightMaxDrawDistanceScale:1]]
[2021.09.13-04.41.07:085][  0]LogConfig: Setting CVar [[r.CapsuleShadows:1]]
[2021.09.13-04.41.07:085][  0]LogConfig: Applying CVar settings from Section [PostProcessQuality@3] File [D:/Epic Games/Group-3/Group_3_Project_1/Saved/Config/Windows/Scalability.ini]
[2021.09.13-04.41.07:085][  0]LogConfig: Setting CVar [[r.MotionBlurQuality:4]]
[2021.09.13-04.41.07:085][  0]LogConfig: Setting CVar [[r.AmbientOcclusionMipLevelFactor:0.4]]
[2021.09.13-04.41.07:085][  0]LogConfig: Setting CVar [[r.AmbientOcclusionMaxQuality:100]]
[2021.09.13-04.41.07:085][  0]LogConfig: Setting CVar [[r.AmbientOcclusionLevels:-1]]
[2021.09.13-04.41.07:085][  0]LogConfig: Setting CVar [[r.AmbientOcclusionRadiusScale:1.0]]
[2021.09.13-04.41.07:085][  0]LogConfig: Setting CVar [[r.DepthOfFieldQuality:2]]
[2021.09.13-04.41.07:085][  0]LogConfig: Setting CVar [[r.RenderTargetPoolMin:400]]
[2021.09.13-04.41.07:085][  0]LogConfig: Setting CVar [[r.LensFlareQuality:2]]
[2021.09.13-04.41.07:085][  0]LogConfig: Setting CVar [[r.SceneColorFringeQuality:1]]
[2021.09.13-04.41.07:085][  0]LogConfig: Setting CVar [[r.EyeAdaptationQuality:2]]
[2021.09.13-04.41.07:085][  0]LogConfig: Setting CVar [[r.BloomQuality:5]]
[2021.09.13-04.41.07:085][  0]LogConfig: Setting CVar [[r.FastBlurThreshold:100]]
[2021.09.13-04.41.07:085][  0]LogConfig: Setting CVar [[r.Upscale.Quality:3]]
[2021.09.13-04.41.07:085][  0]LogConfig: Setting CVar [[r.Tonemapper.GrainQuantization:1]]
[2021.09.13-04.41.07:085][  0]LogConfig: Setting CVar [[r.LightShaftQuality:1]]
[2021.09.13-04.41.07:085][  0]LogConfig: Setting CVar [[r.Filter.SizeScale:1]]
[2021.09.13-04.41.07:085][  0]LogConfig: Setting CVar [[r.Tonemapper.Quality:5]]
[2021.09.13-04.41.07:085][  0]LogConfig: Setting CVar [[r.DOF.Gather.AccumulatorQuality:1        ; higher gathering accumulator quality]]
[2021.09.13-04.41.07:085][  0]LogConfig: Setting CVar [[r.DOF.Gather.PostfilterMethod:1          ; Median3x3 postfilering method]]
[2021.09.13-04.41.07:085][  0]LogConfig: Setting CVar [[r.DOF.Gather.EnableBokehSettings:0       ; no bokeh simulation when gathering]]
[2021.09.13-04.41.07:085][  0]LogConfig: Setting CVar [[r.DOF.Gather.RingCount:4                 ; medium number of samples when gathering]]
[2021.09.13-04.41.07:085][  0]LogConfig: Setting CVar [[r.DOF.Scatter.ForegroundCompositing:1    ; additive foreground scattering]]
[2021.09.13-04.41.07:085][  0]LogConfig: Setting CVar [[r.DOF.Scatter.BackgroundCompositing:2    ; additive background scattering]]
[2021.09.13-04.41.07:085][  0]LogConfig: Setting CVar [[r.DOF.Scatter.EnableBokehSettings:1      ; bokeh simulation when scattering]]
[2021.09.13-04.41.07:085][  0]LogConfig: Setting CVar [[r.DOF.Scatter.MaxSpriteRatio:0.1         ; only a maximum of 10% of scattered bokeh]]
[2021.09.13-04.41.07:085][  0]LogConfig: Setting CVar [[r.DOF.Recombine.Quality:1                ; cheap slight out of focus]]
[2021.09.13-04.41.07:085][  0]LogConfig: Setting CVar [[r.DOF.Recombine.EnableBokehSettings:0    ; no bokeh simulation on slight out of focus]]
[2021.09.13-04.41.07:085][  0]LogConfig: Setting CVar [[r.DOF.TemporalAAQuality:1                ; more stable temporal accumulation]]
[2021.09.13-04.41.07:085][  0]LogConfig: Setting CVar [[r.DOF.Kernel.MaxForegroundRadius:0.025]]
[2021.09.13-04.41.07:085][  0]LogConfig: Setting CVar [[r.DOF.Kernel.MaxBackgroundRadius:0.025]]
[2021.09.13-04.41.07:085][  0]LogConfig: Applying CVar settings from Section [TextureQuality@3] File [D:/Epic Games/Group-3/Group_3_Project_1/Saved/Config/Windows/Scalability.ini]
[2021.09.13-04.41.07:085][  0]LogConfig: Setting CVar [[r.Streaming.MipBias:0]]
[2021.09.13-04.41.07:085][  0]LogConfig: Setting CVar [[r.Streaming.AmortizeCPUToGPUCopy:0]]
[2021.09.13-04.41.07:085][  0]LogConfig: Setting CVar [[r.Streaming.MaxNumTexturesToStreamPerFrame:0]]
[2021.09.13-04.41.07:085][  0]LogConfig: Setting CVar [[r.Streaming.Boost:1]]
[2021.09.13-04.41.07:085][  0]LogConfig: Setting CVar [[r.MaxAnisotropy:8]]
[2021.09.13-04.41.07:086][  0]LogConfig: Setting CVar [[r.VT.MaxAnisotropy:8]]
[2021.09.13-04.41.07:086][  0]LogConfig: Setting CVar [[r.Streaming.LimitPoolSizeToVRAM:0]]
[2021.09.13-04.41.07:086][  0]LogConfig: Setting CVar [[r.Streaming.PoolSize:1000]]
[2021.09.13-04.41.07:086][  0]LogConfig: Setting CVar [[r.Streaming.MaxEffectiveScreenSize:0]]
[2021.09.13-04.41.07:086][  0]LogConfig: Applying CVar settings from Section [EffectsQuality@3] File [D:/Epic Games/Group-3/Group_3_Project_1/Saved/Config/Windows/Scalability.ini]
[2021.09.13-04.41.07:086][  0]LogConfig: Setting CVar [[r.TranslucencyLightingVolumeDim:64]]
[2021.09.13-04.41.07:086][  0]LogConfig: Setting CVar [[r.RefractionQuality:2]]
[2021.09.13-04.41.07:086][  0]LogConfig: Setting CVar [[r.SSR.Quality:3]]
[2021.09.13-04.41.07:086][  0]LogConfig: Setting CVar [[r.SSR.HalfResSceneColor:0]]
[2021.09.13-04.41.07:086][  0]LogConfig: Setting CVar [[r.SceneColorFormat:4]]
[2021.09.13-04.41.07:086][  0]LogConfig: Setting CVar [[r.DetailMode:2]]
[2021.09.13-04.41.07:086][  0]LogConfig: Setting CVar [[r.TranslucencyVolumeBlur:1]]
[2021.09.13-04.41.07:086][  0]LogConfig: Setting CVar [[r.MaterialQualityLevel:1 ; High quality]]
[2021.09.13-04.41.07:086][  0]LogConfig: Setting CVar [[r.AnisotropicMaterials:1]]
[2021.09.13-04.41.07:086][  0]LogConfig: Setting CVar [[r.SSS.Scale:1]]
[2021.09.13-04.41.07:086][  0]LogConfig: Setting CVar [[r.SSS.SampleSet:2]]
[2021.09.13-04.41.07:086][  0]LogConfig: Setting CVar [[r.SSS.Quality:1]]
[2021.09.13-04.41.07:086][  0]LogConfig: Setting CVar [[r.SSS.HalfRes:0]]
[2021.09.13-04.41.07:086][  0]LogConfig: Setting CVar [[r.SSGI.Quality:3]]
[2021.09.13-04.41.07:086][  0]LogConfig: Setting CVar [[r.EmitterSpawnRateScale:1.0]]
[2021.09.13-04.41.07:086][  0]LogConfig: Setting CVar [[r.ParticleLightQuality:2]]
[2021.09.13-04.41.07:086][  0]LogConfig: Setting CVar [[r.SkyAtmosphere.AerialPerspectiveLUT.FastApplyOnOpaque:1 ; Always have FastSkyLUT 1 in this case to avoid wrong sky]]
[2021.09.13-04.41.07:086][  0]LogConfig: Setting CVar [[r.SkyAtmosphere.AerialPerspectiveLUT.SampleCountMaxPerSlice:4]]
[2021.09.13-04.41.07:086][  0]LogConfig: Setting CVar [[r.SkyAtmosphere.AerialPerspectiveLUT.DepthResolution:16.0]]
[2021.09.13-04.41.07:086][  0]LogConfig: Setting CVar [[r.SkyAtmosphere.FastSkyLUT:1]]
[2021.09.13-04.41.07:086][  0]LogConfig: Setting CVar [[r.SkyAtmosphere.FastSkyLUT.SampleCountMin:4.0]]
[2021.09.13-04.41.07:086][  0]LogConfig: Setting CVar [[r.SkyAtmosphere.FastSkyLUT.SampleCountMax:128.0]]
[2021.09.13-04.41.07:086][  0]LogConfig: Setting CVar [[r.SkyAtmosphere.SampleCountMin:4.0]]
[2021.09.13-04.41.07:086][  0]LogConfig: Setting CVar [[r.SkyAtmosphere.SampleCountMax:128.0]]
[2021.09.13-04.41.07:086][  0]LogConfig: Setting CVar [[r.SkyAtmosphere.TransmittanceLUT.UseSmallFormat:0]]
[2021.09.13-04.41.07:086][  0]LogConfig: Setting CVar [[r.SkyAtmosphere.TransmittanceLUT.SampleCount:10.0]]
[2021.09.13-04.41.07:086][  0]LogConfig: Setting CVar [[r.SkyAtmosphere.MultiScatteringLUT.SampleCount:15.0]]
[2021.09.13-04.41.07:086][  0]LogConfig: Setting CVar [[r.SkyLight.RealTimeReflectionCapture:1]]
[2021.09.13-04.41.07:086][  0]LogConfig: Applying CVar settings from Section [FoliageQuality@3] File [D:/Epic Games/Group-3/Group_3_Project_1/Saved/Config/Windows/Scalability.ini]
[2021.09.13-04.41.07:086][  0]LogConfig: Setting CVar [[foliage.DensityScale:1.0]]
[2021.09.13-04.41.07:086][  0]LogConfig: Setting CVar [[grass.DensityScale:1.0]]
[2021.09.13-04.41.07:086][  0]LogConfig: Applying CVar settings from Section [ShadingQuality@3] File [D:/Epic Games/Group-3/Group_3_Project_1/Saved/Config/Windows/Scalability.ini]
[2021.09.13-04.41.07:086][  0]LogConfig: Setting CVar [[r.HairStrands.SkyLighting.IntegrationType:2]]
[2021.09.13-04.41.07:086][  0]LogConfig: Setting CVar [[r.HairStrands.SkyAO.SampleCount:4]]
[2021.09.13-04.41.07:086][  0]LogConfig: Setting CVar [[r.HairStrands.Visibility.MSAA.SamplePerPixel:4]]
[2021.09.13-04.41.07:086][  0]LogConfig: Applying CVar settings from Section [Startup] File [../../../Engine/Config/ConsoleVariables.ini]
[2021.09.13-04.41.07:086][  0]LogConfig: Setting CVar [[net.UseAdaptiveNetUpdateFrequency:0]]
[2021.09.13-04.41.07:086][  0]LogConfig: Setting CVar [[p.chaos.AllowCreatePhysxBodies:1]]
[2021.09.13-04.41.07:086][  0]LogConfig: Setting CVar [[fx.SkipVectorVMBackendOptimizations:1]]
[2021.09.13-04.41.07:086][  0]LogConfig: Applying CVar settings from Section [ConsoleVariables] File [D:/Epic Games/Group-3/Group_3_Project_1/Saved/Config/Windows/Engine.ini]
[2021.09.13-04.41.07:086][  0]LogConfig: Applying CVar settings from Section [ConsoleVariables] File [D:/Epic Games/Group-3/Group_3_Project_1/Saved/Config/Windows/Editor.ini]
[2021.09.13-04.41.07:087][  0]LogInit: Computer: DESKTOP-K7PL792
[2021.09.13-04.41.07:087][  0]LogInit: User: Gianni
[2021.09.13-04.41.07:087][  0]LogInit: CPU Page size=4096, Cores=6
[2021.09.13-04.41.07:087][  0]LogInit: High frequency timer resolution =10.000000 MHz
[2021.09.13-04.41.07:087][  0]LogMemory: Memory total: Physical=31.9GB (32GB approx)
[2021.09.13-04.41.07:087][  0]LogMemory: Platform Memory Stats for Windows
[2021.09.13-04.41.07:087][  0]LogMemory: Process Physical Memory: 143.97 MB used, 143.98 MB peak
[2021.09.13-04.41.07:087][  0]LogMemory: Process Virtual Memory: 129.72 MB used, 129.72 MB peak
[2021.09.13-04.41.07:087][  0]LogMemory: Physical Memory: 7844.37 MB used,  24793.01 MB free, 32637.38 MB total
[2021.09.13-04.41.07:087][  0]LogMemory: Virtual Memory: 134191504.00 MB used,  26221.28 MB free, 134217728.00 MB total
[2021.09.13-04.41.07:090][  0]LogWindows: WindowsPlatformFeatures enabled
[2021.09.13-04.41.07:120][  0]LogInit: Physics initialised using underlying interface: PhysX
[2021.09.13-04.41.07:120][  0]LogInit: Using OS detected language (en-US).
[2021.09.13-04.41.07:120][  0]LogInit: Using OS detected locale (en-US).
[2021.09.13-04.41.07:122][  0]LogTextLocalizationManager: No specific localization for 'en-US' exists, so the 'en' localization will be used.
[2021.09.13-04.41.07:298][  0]LogWindowsTextInputMethodSystem: Display: IME system deactivated.
[2021.09.13-04.41.07:325][  0]LogSlate: New Slate User Created.  User Index 0, Is Virtual User: 0
[2021.09.13-04.41.07:325][  0]LogSlate: Slate User Registered.  User Index 0, Is Virtual User: 0
[2021.09.13-04.41.07:347][  0]LogD3D11RHI: Loaded GFSDK_Aftermath_Lib.x64.dll
[2021.09.13-04.41.07:349][  0]LogHMD: Failed to initialize OpenVR with code 110
[2021.09.13-04.41.07:349][  0]LogD3D11RHI: D3D11 min allowed feature level: 11_0
[2021.09.13-04.41.07:349][  0]LogD3D11RHI: D3D11 max allowed feature level: 11_0
[2021.09.13-04.41.07:349][  0]LogD3D11RHI: D3D11 adapters:
[2021.09.13-04.41.07:431][  0]LogD3D11RHI:    0. 'NVIDIA GeForce GTX 1060 3GB' (Feature Level 11_0)
[2021.09.13-04.41.07:431][  0]LogD3D11RHI:       2988/0/16318 MB DedicatedVideo/DedicatedSystem/SharedSystem, Outputs:2, VendorId:0x10de
[2021.09.13-04.41.07:433][  0]LogD3D11RHI:    1. 'Microsoft Basic Render Driver' (Feature Level 11_0)
[2021.09.13-04.41.07:433][  0]LogD3D11RHI:       0/0/16318 MB DedicatedVideo/DedicatedSystem/SharedSystem, Outputs:0, VendorId:0x1414
[2021.09.13-04.41.07:433][  0]LogD3D11RHI: Chosen D3D11 Adapter: 0
[2021.09.13-04.41.07:436][  0]LogD3D11RHI: Creating new Direct3DDevice
[2021.09.13-04.41.07:436][  0]LogD3D11RHI:     GPU DeviceId: 0x1c02 (for the marketing name, search the web for "GPU Device Id")
[2021.09.13-04.41.07:436][  0]LogWindows: EnumDisplayDevices:
[2021.09.13-04.41.07:436][  0]LogWindows:    0. 'NVIDIA GeForce GTX 1060 3GB' (P:1 D:1)
[2021.09.13-04.41.07:437][  0]LogWindows:    1. 'NVIDIA GeForce GTX 1060 3GB' (P:0 D:1)
[2021.09.13-04.41.07:437][  0]LogWindows:    2. 'NVIDIA GeForce GTX 1060 3GB' (P:0 D:0)
[2021.09.13-04.41.07:437][  0]LogWindows:    3. 'NVIDIA GeForce GTX 1060 3GB' (P:0 D:0)
[2021.09.13-04.41.07:437][  0]LogWindows: DebugString: FoundDriverCount:4 
[2021.09.13-04.41.07:437][  0]LogD3D11RHI:     Adapter Name: NVIDIA GeForce GTX 1060 3GB
[2021.09.13-04.41.07:437][  0]LogD3D11RHI:   Driver Version: 471.41 (internal:30.0.14.7141, unified:471.41)
[2021.09.13-04.41.07:437][  0]LogD3D11RHI:      Driver Date: 7-12-2021
[2021.09.13-04.41.07:437][  0]LogRHI: Texture pool is 2091 MB (70% of 2988 MB)
[2021.09.13-04.41.07:495][  0]LogD3D11RHI: RHI has support for 64 bit atomics
[2021.09.13-04.41.07:495][  0]LogD3D11RHI: Async texture creation enabled
[2021.09.13-04.41.07:495][  0]LogD3D11RHI: Array index from any shader is supported
[2021.09.13-04.41.07:522][  0]LogD3D11RHI: GPU Timing Frequency: 1000.000000 (Debug: 2 1)
[2021.09.13-04.41.07:551][  0]LogRHI: GeForceNow SDK initialized: 1
[2021.09.13-04.41.07:768][  0]LogTargetPlatformManager: Display: Loaded TargetPlatform 'WindowsNoEditor'
[2021.09.13-04.41.07:771][  0]LogTargetPlatformManager: Display: Loaded TargetPlatform 'Windows'
[2021.09.13-04.41.07:774][  0]LogTargetPlatformManager: Display: Loaded TargetPlatform 'WindowsClient'
[2021.09.13-04.41.07:778][  0]LogTargetPlatformManager: Display: Loaded TargetPlatform 'WindowsServer'
[2021.09.13-04.41.07:778][  0]LogTargetPlatformManager: Display: Building Assets For Windows
[2021.09.13-04.41.07:783][  0]LogAudioDebug: Display: Lib vorbis DLL was dynamically loaded.
[2021.09.13-04.41.07:805][  0]LogTextureFormatOodle: Display: Oodle Texture 2.9.0 init RDO Off
[2021.09.13-04.41.07:826][  0]LogRendererCore: Ray tracing is disabled. Reason: r.RayTracing=0.
[2021.09.13-04.41.07:827][  0]LogShaderCompilers: Guid format shader working directory is 6 characters bigger than the processId version (D:/Epic Games/Group-3/Group_3_Project_1/Intermediate/Shaders/WorkingDirectory/13940/).
[2021.09.13-04.41.07:827][  0]LogShaderCompilers: Cleaned the shader compiler working directory 'C:/Users/giman/AppData/Local/Temp/UnrealShaderWorkingDir/1D60A9D14E7C5528648E05A4F57495C2/'.
[2021.09.13-04.41.07:827][  0]LogXGEController: Cannot use XGE Controller as Incredibuild is not installed on this machine.
[2021.09.13-04.41.07:827][  0]LogShaderCompilers: Cannot use XGE Shader Compiler as Incredibuild is not installed on this machine.
[2021.09.13-04.41.07:827][  0]LogShaderCompilers: Display: Using Local Shader Compiler.
[2021.09.13-04.41.08:441][  0]LogDerivedDataCache: Display: Max Cache Size: 512 MB
[2021.09.13-04.41.08:484][  0]LogDerivedDataCache: Loaded boot cache 0.04s 95MB C:/Users/giman/AppData/Local/UnrealEngine/4.27/DerivedDataCache/Boot.ddc.
[2021.09.13-04.41.08:484][  0]LogDerivedDataCache: Display: Loaded Boot cache: C:/Users/giman/AppData/Local/UnrealEngine/4.27/DerivedDataCache/Boot.ddc
[2021.09.13-04.41.08:484][  0]LogDerivedDataCache: FDerivedDataBackendGraph:  Pak pak cache file D:/Epic Games/Group-3/Group_3_Project_1/DerivedDataCache/DDC.ddp not found, will not use a pak cache.
[2021.09.13-04.41.08:484][  0]LogDerivedDataCache: Unable to find inner node Pak for hierarchical cache Hierarchy.
[2021.09.13-04.41.08:484][  0]LogDerivedDataCache: FDerivedDataBackendGraph:  CompressedPak pak cache file D:/Epic Games/Group-3/Group_3_Project_1/DerivedDataCache/Compressed.ddp not found, will not use a pak cache.
[2021.09.13-04.41.08:484][  0]LogDerivedDataCache: Unable to find inner node CompressedPak for hierarchical cache Hierarchy.
[2021.09.13-04.41.08:497][  0]LogDerivedDataCache: Display: Pak cache opened for reading ../../../Engine/DerivedDataCache/Compressed.ddp.
[2021.09.13-04.41.08:497][  0]LogDerivedDataCache: FDerivedDataBackendGraph:  EnterprisePak pak cache file ../../../Enterprise/DerivedDataCache/Compressed.ddp not found, will not use a pak cache.
[2021.09.13-04.41.08:497][  0]LogDerivedDataCache: Unable to find inner node EnterprisePak for hierarchical cache Hierarchy.
[2021.09.13-04.41.08:504][  0]LogDerivedDataCache: Speed tests for C:/Users/giman/AppData/Local/UnrealEngine/Common/DerivedDataCache took 0.01 seconds
[2021.09.13-04.41.08:504][  0]LogDerivedDataCache: Display: Performance to C:/Users/giman/AppData/Local/UnrealEngine/Common/DerivedDataCache: Latency=0.02ms. RandomReadSpeed=317.33MBs, RandomWriteSpeed=294.16MBs. Assigned SpeedClass 'Local'
[2021.09.13-04.41.08:504][  0]LogDerivedDataCache: Using Local data cache path C:/Users/giman/AppData/Local/UnrealEngine/Common/DerivedDataCache: Writable
[2021.09.13-04.41.08:505][  0]LogDerivedDataCache: Shared data cache path not found in *engine.ini, will not use an Shared cache.
[2021.09.13-04.41.08:505][  0]LogDerivedDataCache: Unable to find inner node Shared for hierarchical cache Hierarchy.
[2021.09.13-04.41.08:533][  0]LogSlate: Using FreeType 2.10.0
[2021.09.13-04.41.08:533][  0]LogSlate: SlateFontServices - WITH_FREETYPE: 1, WITH_HARFBUZZ: 1
[2021.09.13-04.41.08:589][  0]LogInit: Using OS detected language (en-US).
[2021.09.13-04.41.08:589][  0]LogInit: Using OS detected locale (en-US).
[2021.09.13-04.41.08:589][  0]LogTextLocalizationManager: No localization for 'en-US' exists, so 'en' will be used for the language.
[2021.09.13-04.41.08:589][  0]LogTextLocalizationManager: No localization for 'en-US' exists, so 'en' will be used for the locale.
[2021.09.13-04.41.08:589][  0]LogSlate: FontCache flush requested. Reason: Culture for localization was changed
[2021.09.13-04.41.08:589][  0]LogSlate: FontCache flush requested. Reason: Culture for localization was changed
[2021.09.13-04.41.08:592][  0]LogTextLocalizationManager: Compacting localization data took   0.00ms
[2021.09.13-04.41.08:592][  0]LogAssetRegistry: FAssetRegistry took 0.0016 seconds to start up
[2021.09.13-04.41.08:717][  0]LogPackageLocalizationCache: Processed 27 localized package path(s) for 1 prioritized culture(s) in 0.000930 seconds
[2021.09.13-04.41.08:769][  0]LogInit: Selected Device Profile: [Windows]
[2021.09.13-04.41.08:769][  0]LogInit: Active device profile: [000001F55FAA2D00][000001F555EA4900 49] Windows
[2021.09.13-04.41.08:769][  0]LogInit: Profiles: [000001F55FAA2D00][000001F555EA4900 49] Windows, [000001F55FA4DF00][000001F555EACA80 49] WindowsNoEditor, [000001F55FAA3E00][000001F555EB0C00 49] WindowsServer, [000001F55FA4D200][000001F555EB4D80 49] WindowsClient, [000001F55FAA1600][000001F555EB8F00 49] IOS, [000001F55FA4F300][000001F555EBD080 49] iPadAir, [000001F55FAA2800][000001F555EC1200 49] iPadAir2, [000001F55F9F5300][000001F555C35440 49] IPadPro, [000001F55F9F5400][000001F555EA9480 49] iPadAir3, [000001F55FA4F200][000001F555C395C0 49] iPadAir4, [000001F55F9F6100][000001F555C3D700 49] iPadMini2, [000001F55FA4DB00][000001F555C45880 49] iPadMini3, [000001F55F9F6C00][000001F555C49A00 49] iPadMini4, [000001F55FA4E300][000001F555C4DB80 49] iPadMini5, [000001F55FA04D00][000001F555C542C0 49] iPhone6, [000001F55FA04E00][000001F555C50300 49] iPodTouch6, [000001F55FAA0A00][000001F555C5C5C0 49] iPhone7, [000001F55FAA1A00][000001F555C58600 49] iPodTouch7, [000001F55F9F4C00][000001F555C60780 49] iPhone5S, [000001F55FAA2A00][000001F555C64900 49] iPhone6Plus, [000001F55F9F6E00][000001F555C68A80 49] iPhone6S, [000001F55FA04100][000001F555C6CC00 49] iPhone6SPlus, [000001F55FAA3900][000001F555C70D80 49] iPhone7Plus, [000001F55FA04700][000001F555C74F00 49] iPhoneSE, [000001F55FAA2300][000001F555C79080 49] iPhone8, [000001F55F9F5500][000001F555C7D200 49] iPhone8Plus, [000001F55FA05700][000001F555C81380 49] iPhoneX, [000001F55F9F5100][000001F555C414C0 49] iPhoneXS, [000001F55FA04200][000001F555C85600 49] iPhoneXSMax, [000001F55F9F5000][000001F555C89740 49] iPhoneXR, [000001F55FA05E00][000001F555C8D880 49] iPhone11, [000001F55FAA1500][000001F555C95A00 49] iPhone11Pro, [000001F55FA05200][000001F555C99B80 49] iPhone11ProMax, [000001F55FAA3000][000001F555C9C180 49] iPhoneSE2, [000001F55FA06F00][000001F555CA0300 49] iPhone12Mini, [000001F55FAA1900][000001F555CA4480 49] iPhone12, [000001F55FA07200][000001F555CA8600 49] iPhone12Pro, [000001F55FAA3700][000001F555CAC780 49] iPhone12ProMax, [000001F55FA05A00][000001F555CB0900 49] iPadPro105, [000001F55FAA0E00][000001F555CB4A80 49] iPadPro129, [000001F55FA05400][000001F555CB8C00 49] iPadPro97, [000001F55FAA1100][000001F555CBCD80 49] iPadPro2_129, [000001F55FA05600][000001F555CC0F00 49] iPad5, [000001F55FAA1B00][000001F555CC5080 49] iPad6, [000001F55FA06800][000001F555CC9200 49] iPad7, [000001F55FAA0F00][000001F555CCD380 49] iPad8, [000001F55FA07000][000001F555CD1500 49] iPadPro11, [000001F55FAA1300][000001F555CD5680 49] iPadPro2_11, [000001F55FA07B00][000001F555C917C0 49] iPadPro3_129, [000001F55FAA3800][000001F555CD9900 49] iPadPro4_129, [000001F55FA07600][000001F555CDDA40 49] AppleTV, [000001F55FAA0800][000001F55FC83BC0 49] AppleTV4K, [000001F55FA05000][000001F55FC861C0 49] TVOS, [000001F55FAA3500][000001F55FC8A340 49] Mac, [000001F55FA07100][000001F55FC8E4C0 49] MacClient, [000001F55FAA3400][000001F55FC92640 49] MacNoEditor, [000001F55FA06100][000001F55FC967C0 49] MacServer, [000001F55FAA1800][000001F55FC9A940 49] Linux, [000001F55FA06B00][000001F55FC9EAC0 49] LinuxAArch64, [000001F55FAA1E00][000001F55FCA2C40 49] LinuxNoEditor, [000001F55FA07E00][000001F55FCA6DC0 49] LinuxAArch64NoEditor, [000001F55FAA1200][000001F55FCAAF40 49] LinuxClient, [000001F55FA04900][000001F55FCAF0C0 49] LinuxAArch64Client, [000001F55FAA3600][000001F55FCB3240 49] LinuxServer, [000001F55FA04600][000001F55FCB73C0 49] LinuxAArch64Server, [000001F55FAA1000][000001F55FCBB540 49] Android, [000001F55FA05D00][000001F55FCBF6C0 49] Android_Low, [000001F55FAA2600][000001F55FCC3840 49] Android_Mid, [000001F55FA06500][000001F55FC7F980 49] Android_High, [000001F55FAA1C00][000001F55FCC7AC0 49] Android_Default, [000001F55FA05B00][000001F55FCCBC00 49] Android_Adreno4xx, [000001F55FAA0500][000001F55FCCE1C0 49] Android_Adreno5xx_Low, [000001F55FA04F00][000001F55FCD6340 49] Android_Adreno5xx, [000001F55FAA2B00][000001F55FCDA4C0 49] Android_Adreno6xx, [000001F55FA06900][000001F55FCDE640 49] Android_Adreno6xx_Vulkan, [000001F55FAA3C00][000001F55FCE27C0 49] Android_Mali_T6xx, [000001F55FA4C800][000001F55FCE6940 49] Android_Mali_T7xx, [000001F55F9F4F00][000001F55FCEAAC0 49] Android_Mali_T8xx, [000001F55FA4D800][000001F55FCEEC40 49] Android_Mali_G71, [000001F55F9F4200][000001F55FCF2DC0 49] Android_Mali_G72, [000001F55FA4D900][000001F55FCF6F40 49] Android_Mali_G72_Vulkan, [000001F55F9F5600][000001F55FCFB0C0 49] Android_Mali_G76, [000001F55FA4DA00][000001F55FCFF240 49] Android_Mali_G76_Vulkan, [000001F55F9F5B00][000001F55FD033C0 49] Android_Mali_G77, [000001F55FA4F600][000001F55FD07540 49] Android_Mali_G77_Vulkan, [000001F55F9F7F00][000001F55FD0B6C0 49] Android_Mali_G78, [000001F55FA4F800][000001F55FD0F840 49] Android_Mali_G78_Vulkan, [000001F55F9F7300][000001F55FD139C0 49] Android_Mali_G710, [000001F55FA4FA00][000001F55FCD3B00 49] Android_Mali_G710_Vulkan, [000001F55F9F4500][000001F55FD160C0 49] Android_Vulkan_SM5, [000001F55FA4ED00][000001F55FD1A200 49] Android_PowerVR_G6xxx, [000001F55F9F6300][000001F55FD1E340 49] Android_PowerVR_GT7xxx, [000001F55FA4EC00][000001F55FD264C0 49] Android_PowerVR_GE8xxx, [000001F55F9F4900][000001F55FD2A640 49] Android_PowerVR_GM9xxx, [000001F55FA4C100][000001F55FD2E7C0 49] Android_PowerVR_GM9xxx_Vulkan, [000001F55F9F7D00][000001F55FD32940 49] Android_TegraK1, [000001F55FA4DC00][000001F55FD36AC0 49] Android_Unknown_Vulkan, [000001F55F9F7100][000001F55FD3AC40 49] Lumin, [000001F55FA4DD00][000001F55FD3EDC0 49] Lumin_Desktop, [000001F55F9F7600][000001F55FD42F40 49] HoloLens, 
[2021.09.13-04.41.08:798][  0]LogMeshReduction: Using QuadricMeshReduction for automatic static mesh reduction
[2021.09.13-04.41.08:798][  0]LogMeshReduction: Using SimplygonMeshReduction for automatic skeletal mesh reduction
[2021.09.13-04.41.08:798][  0]LogMeshReduction: Using ProxyLODMeshReduction for automatic mesh merging
[2021.09.13-04.41.08:798][  0]LogMeshReduction: No distributed automatic mesh merging module available
[2021.09.13-04.41.08:798][  0]LogMeshMerging: No distributed automatic mesh merging module available
[2021.09.13-04.41.08:889][  0]LogNetVersion: Group_3_Project_1 1.0.0, NetCL: 17155196, EngineNetVer: 17, GameNetVer: 0 (Checksum: 4140238031)
[2021.09.13-04.41.09:057][  0]LogTexture: Default maximum texture size for cubemaps generated from long-lat sources has been changed from 512 to unlimited. In order to preserve old behaiour for '/Engine/MapTemplates/Sky/DaylightAmbientCubemap.DaylightAmbientCubemap', its maximum texture size has been explicitly set to 512.
[2021.09.13-04.41.09:095][  0]LogHMD: PokeAHoleMaterial loaded successfully
[2021.09.13-04.41.09:169][  0]LogMoviePlayer: Initializing movie player
[2021.09.13-04.41.09:261][  0]LogNiagaraDebuggerClient: Niagara Debugger Client Initialized | Session: 4F1E80AD47F534CE26A994A654097C03 | Instance: 26BB00EE4D506930B26FAD87CF772B78 (DESKTOP-K7PL792-13940).
[2021.09.13-04.41.09:276][  0]LogCollectionManager: Loaded 0 collections in 0.001116 seconds
[2021.09.13-04.41.09:278][  0]LogFileCache: Scanning file cache for directory 'D:/Epic Games/Group-3/Group_3_Project_1/Saved/Collections/' took 0.00s
[2021.09.13-04.41.09:278][  0]LogFileCache: Scanning file cache for directory 'D:/Epic Games/Group-3/Group_3_Project_1/Content/Developers/Gianni/Collections/' took 0.00s
[2021.09.13-04.41.09:278][  0]LogFileCache: Scanning file cache for directory 'D:/Epic Games/Group-3/Group_3_Project_1/Content/Collections/' took 0.00s
[2021.09.13-04.41.09:278][  0]LogCollectionManager: Fixed up redirectors for 0 collections in 0.000001 seconds (updated 0 objects)
[2021.09.13-04.41.09:280][  0]LogStreaming: Warning: Failed to read file '../../../Engine/Content/Editor/Slate/Niagara/MenuSeparator.png' error.
[2021.09.13-04.41.09:280][  0]LogSlate: Could not find file for Slate resource: ../../../Engine/Content/Editor/Slate/Niagara/MenuSeparator.png
[2021.09.13-04.41.09:280][  0]LogStreaming: Warning: Failed to read file '../../../Engine/Content/Editor/Slate/Niagara/Common/Selector.png' error.
[2021.09.13-04.41.09:280][  0]LogSlate: Could not find file for Slate resource: ../../../Engine/Content/Editor/Slate/Niagara/Common/Selector.png
[2021.09.13-04.41.09:280][  0]LogStreaming: Warning: Failed to read file '../../../Engine/Content/Editor/Slate/Niagara/Common/Selection.png' error.
[2021.09.13-04.41.09:280][  0]LogSlate: Could not find file for Slate resource: ../../../Engine/Content/Editor/Slate/Niagara/Common/Selection.png
[2021.09.13-04.41.09:280][  0]LogStreaming: Warning: Failed to read file '../../../Engine/Content/Editor/Slate/Niagara/Common/DropZoneIndicator_Above.png' error.
[2021.09.13-04.41.09:280][  0]LogStreaming: Warning: Failed to read file '../../../Engine/Content/Editor/Slate/Niagara/Common/DropZoneIndicator_Onto.png' error.
[2021.09.13-04.41.09:280][  0]LogSlate: Could not find file for Slate resource: ../../../Engine/Content/Editor/Slate/Niagara/Common/DropZoneIndicator_Onto.png
[2021.09.13-04.41.09:280][  0]LogStreaming: Warning: Failed to read file '../../../Engine/Content/Editor/Slate/Niagara/Common/DropZoneIndicator_Below.png' error.
[2021.09.13-04.41.09:280][  0]LogSlate: Could not find file for Slate resource: ../../../Engine/Content/Editor/Slate/Niagara/Common/DropZoneIndicator_Below.png
[2021.09.13-04.41.09:280][  0]LogStreaming: Warning: Failed to read file '../../../Engine/Content/Editor/Slate/Niagara/Common/RoundedSelection_16x.png' error.
[2021.09.13-04.41.09:280][  0]LogSlate: Could not find file for Slate resource: ../../../Engine/Content/Editor/Slate/Niagara/Common/RoundedSelection_16x.png
[2021.09.13-04.41.09:280][  0]LogSlate: Could not find file for Slate resource: ../../../Engine/Content/Editor/Slate/Niagara/Common/DropZoneIndicator_Above.png
[2021.09.13-04.41.09:290][  0]LogStreaming: Warning: Failed to read file '../../../Engine/Content/Editor/Slate/Niagara/Common/FlatButton.png' error.
[2021.09.13-04.41.09:290][  0]LogSlate: Could not find file for Slate resource: ../../../Engine/Content/Editor/Slate/Niagara/Common/FlatButton.png
[2021.09.13-04.41.09:290][  0]LogImageWrapper: Warning: PNG Warning: Duplicate iCCP chunk
[2021.09.13-04.41.09:290][  0]LogImageWrapper: Warning: PNG Warning: Duplicate iCCP chunk
[2021.09.13-04.41.09:290][  0]LogPython: Using Python 3.7.7
[2021.09.13-04.41.09:702][  0]LogTcpMessaging: Initializing TcpMessaging bridge
[2021.09.13-04.41.09:705][  0]LogUdpMessaging: Initializing bridge on interface 0.0.0.0:0 to multicast group 230.0.0.1:6666.
[2021.09.13-04.41.09:744][  0]SourceControl: Source control is disabled
[2021.09.13-04.41.09:744][  0]SourceControl: Source control is disabled
[2021.09.13-04.41.09:746][  0]SourceControl: Source control is disabled
[2021.09.13-04.41.09:751][  0]LogUProjectInfo: Found projects:
[2021.09.13-04.41.09:803][  0]LogOpenImageDenoise: OIDN starting up
[2021.09.13-04.41.09:826][  0]LogAndroidPermission: UAndroidPermissionCallbackProxy::GetInstance
[2021.09.13-04.41.09:839][  0]LogAudioCaptureCore: Display: No Audio Capture implementations found. Audio input will be silent.
[2021.09.13-04.41.09:839][  0]LogAudioCaptureCore: Display: No Audio Capture implementations found. Audio input will be silent.
[2021.09.13-04.41.09:916][  0]LogOcInput: OculusInput pre-init called
[2021.09.13-04.41.09:924][  0]LogUObjectArray: 22121 objects as part of root set at end of initial load.
[2021.09.13-04.41.09:924][  0]LogUObjectAllocator: 5975440 out of 0 bytes used by permanent object pool.
[2021.09.13-04.41.09:924][  0]LogUObjectArray: CloseDisregardForGC: 0/0 objects in disregard for GC pool
[2021.09.13-04.41.09:959][  0]LogEngine: Initializing Engine...
[2021.09.13-04.41.09:961][  0]LogHMD: Failed to enumerate extensions. Please check that you have a valid OpenXR runtime installed.
[2021.09.13-04.41.09:961][  0]LogHMD: Failed to initialize OpenVR with code 110
[2021.09.13-04.41.09:961][  0]LogMagicLeap: Warning: VR disabled because ZI is not enabled.  To enable, in the editor, Edit -> Project Settings -> Plugins -> Magic Leap Plugin -> Enable Zero Iteration
[2021.09.13-04.41.09:962][  0]LogStats: UGameplayTagsManager::InitializeManager -  0.000 s
[2021.09.13-04.41.10:032][  0]LogInit: Initializing FReadOnlyCVARCache
[2021.09.13-04.41.10:032][  0]LogAudio: Display: Initializing Audio Device Manager...
[2021.09.13-04.41.10:034][  0]LogAudio: Display: Loading Default Audio Settings Objects...
[2021.09.13-04.41.10:034][  0]LogAudio: Display: No default SoundConcurrencyObject specified (or failed to load).
[2021.09.13-04.41.10:035][  0]LogAudio: Display: Audio Device Manager Initialized
[2021.09.13-04.41.10:035][  0]LogAudio: Display: Creating Audio Device:                 Id: 1, Scope: Shared, Realtime: True
[2021.09.13-04.41.10:035][  0]LogAudioMixer: Display: Audio Mixer Platform Settings:
[2021.09.13-04.41.10:035][  0]LogAudioMixer: Display: 	Sample Rate:						  48000
[2021.09.13-04.41.10:035][  0]LogAudioMixer: Display: 	Callback Buffer Frame Size Requested: 1024
[2021.09.13-04.41.10:035][  0]LogAudioMixer: Display: 	Callback Buffer Frame Size To Use:	  1024
[2021.09.13-04.41.10:035][  0]LogAudioMixer: Display: 	Number of buffers to queue:			  2
[2021.09.13-04.41.10:035][  0]LogAudioMixer: Display: 	Max Channels (voices):				  32
[2021.09.13-04.41.10:035][  0]LogAudioMixer: Display: 	Number of Async Source Workers:		  0
[2021.09.13-04.41.10:035][  0]LogAudio: Display: AudioDevice MaxSources: 32
[2021.09.13-04.41.10:035][  0]LogAudio: Display: Audio Spatialization Plugin: None (built-in).
[2021.09.13-04.41.10:035][  0]LogAudio: Display: Audio Reverb Plugin: None (built-in).
[2021.09.13-04.41.10:035][  0]LogAudio: Display: Audio Occlusion Plugin: None (built-in).
[2021.09.13-04.41.10:035][  0]LogAudioMixer: Display: Initializing audio mixer.
[2021.09.13-04.41.10:044][  0]LogAudioMixer: Display: 0: FrontLeft
[2021.09.13-04.41.10:044][  0]LogAudioMixer: Display: 1: FrontRight
[2021.09.13-04.41.10:059][  0]LogAudioMixer: Display: Using Audio Device Speakers (Realtek(R) Audio)
[2021.09.13-04.41.10:061][  0]LogAudioMixer: Display: Initializing Sound Submixes...
[2021.09.13-04.41.10:062][  0]LogAudioMixer: Display: Creating Master Submix 'MasterSubmixDefault'
[2021.09.13-04.41.10:062][  0]LogAudioMixer: Display: Creating Master Submix 'MasterReverbSubmixDefault'
[2021.09.13-04.41.10:063][  0]LogAudioMixer: Display: Creating Master Submix 'MasterEQSubmixDefault'
[2021.09.13-04.41.10:063][  0]LogAudioMixer: FMixerPlatformXAudio2::StartAudioStream() called
[2021.09.13-04.41.10:063][  0]LogAudioMixer: Display: Output buffers initialized: Frames=1024, Channels=2, Samples=2048
[2021.09.13-04.41.10:064][  0]LogAudioMixer: Display: Starting AudioMixerPlatformInterface::RunInternal()
[2021.09.13-04.41.10:064][  0]LogAudioMixer: Display: FMixerPlatformXAudio2::SubmitBuffer() called for the first time
[2021.09.13-04.41.10:064][  0]LogInit: FAudioDevice initialized.
[2021.09.13-04.41.10:065][  0]LogNetVersion: Set ProjectVersion to 1.0.0.0. Version Checksum will be recalculated on next use.
[2021.09.13-04.41.10:065][  0]LogInit: Texture streaming: Enabled
[2021.09.13-04.41.10:110][  0]LogAudio: Display: Audio Device (ID: 1) registered with world 'Untitled'.
[2021.09.13-04.41.10:110][  0]LogSlate: Updating window title bar state: overlay mode, drag disabled, window buttons hidden, title bar hidden
[2021.09.13-04.41.10:110][  0]LogInit: Display: Game Engine Initialized.
[2021.09.13-04.41.10:110][  0]LogNiagaraEditor: GEditor isn't valid! Particle reset commands will not work for Niagara components!
[2021.09.13-04.41.10:178][  0]LogStreaming: Warning: Failed to read file '../../../Engine/Content/Editor/Slate/Niagara/MenuSeparator.png' error.
[2021.09.13-04.41.10:178][  0]LogSlate: Could not find file for Slate resource: ../../../Engine/Content/Editor/Slate/Niagara/MenuSeparator.png
[2021.09.13-04.41.10:192][  0]LogStreaming: Warning: Failed to read file '../../../Engine/Content/Editor/Slate/Niagara/Common/Selector.png' error.
[2021.09.13-04.41.10:192][  0]LogSlate: Could not find file for Slate resource: ../../../Engine/Content/Editor/Slate/Niagara/Common/Selector.png
[2021.09.13-04.41.10:192][  0]LogStreaming: Warning: Failed to read file '../../../Engine/Content/Editor/Slate/Niagara/Common/Selection.png' error.
[2021.09.13-04.41.10:192][  0]LogSlate: Could not find file for Slate resource: ../../../Engine/Content/Editor/Slate/Niagara/Common/Selection.png
[2021.09.13-04.41.10:192][  0]LogStreaming: Warning: Failed to read file '../../../Engine/Content/Editor/Slate/Niagara/Common/DropZoneIndicator_Above.png' error.
[2021.09.13-04.41.10:192][  0]LogSlate: Could not find file for Slate resource: ../../../Engine/Content/Editor/Slate/Niagara/Common/DropZoneIndicator_Above.png
[2021.09.13-04.41.10:192][  0]LogStreaming: Warning: Failed to read file '../../../Engine/Content/Editor/Slate/Niagara/Common/DropZoneIndicator_Onto.png' error.
[2021.09.13-04.41.10:192][  0]LogSlate: Could not find file for Slate resource: ../../../Engine/Content/Editor/Slate/Niagara/Common/DropZoneIndicator_Onto.png
[2021.09.13-04.41.10:192][  0]LogStreaming: Warning: Failed to read file '../../../Engine/Content/Editor/Slate/Niagara/Common/DropZoneIndicator_Below.png' error.
[2021.09.13-04.41.10:192][  0]LogSlate: Could not find file for Slate resource: ../../../Engine/Content/Editor/Slate/Niagara/Common/DropZoneIndicator_Below.png
[2021.09.13-04.41.10:192][  0]LogStreaming: Warning: Failed to read file '../../../Engine/Content/Editor/Slate/Niagara/Common/RoundedSelection_16x.png' error.
[2021.09.13-04.41.10:192][  0]LogSlate: Could not find file for Slate resource: ../../../Engine/Content/Editor/Slate/Niagara/Common/RoundedSelection_16x.png
[2021.09.13-04.41.10:192][  0]LogStreaming: Warning: Failed to read file '../../../Engine/Content/Editor/Slate/Niagara/Common/FlatButton.png' error.
[2021.09.13-04.41.10:192][  0]LogSlate: Could not find file for Slate resource: ../../../Engine/Content/Editor/Slate/Niagara/Common/FlatButton.png
[2021.09.13-04.41.10:192][  0]LogImageWrapper: Warning: PNG Warning: Duplicate iCCP chunk
[2021.09.13-04.41.10:192][  0]LogImageWrapper: Warning: PNG Warning: Duplicate iCCP chunk
[2021.09.13-04.41.10:192][  0]LogInit: Display: Starting Game.
[2021.09.13-04.41.10:192][  0]LogNet: Browse: /Game/Levels/MainMenu?Name=Player
[2021.09.13-04.41.10:192][  0]LogLoad: LoadMap: /Game/Levels/MainMenu?Name=Player
[2021.09.13-04.41.10:192][  0]LogWorld: BeginTearingDown for /Temp/Untitled_0
[2021.09.13-04.41.10:193][  0]LogWorld: UWorld::CleanupWorld for Untitled, bSessionEnded=true, bCleanupResources=true
[2021.09.13-04.41.10:193][  0]LogSlate: InvalidateAllWidgets triggered.  All widgets were invalidated
[2021.09.13-04.41.10:196][  0]LogAudio: Display: Audio Device unregistered from world 'None'.
[2021.09.13-04.41.10:198][  0]LogUObjectHash: Compacting FUObjectHashTables data took   0.63ms
[2021.09.13-04.41.10:246][  0]LogAudio: Display: Audio Device (ID: 1) registered with world 'MainMenu'.
[2021.09.13-04.41.10:252][  0]LogAIModule: Creating AISystem for world MainMenu
[2021.09.13-04.41.10:252][  0]LogLoad: Game class is 'FirstPersonGameMode_C'
[2021.09.13-04.41.10:253][  0]LogWorld: Bringing World /Game/Levels/MainMenu.MainMenu up for play (max tick rate 0) at 2021.09.13-00.41.10
[2021.09.13-04.41.10:253][  0]LogWorld: Bringing up level for play took: 0.000315
[2021.09.13-04.41.10:253][  0]LogGameMode: FindPlayerStart: PATHS NOT DEFINED or NO PLAYERSTART with positive rating
[2021.09.13-04.41.10:255][  0]LogViewport: Display: Viewport MouseLockMode Changed, LockOnCapture -> DoNotLock
[2021.09.13-04.41.10:255][  0]LogViewport: Display: Viewport MouseCaptureMode Changed, CapturePermanently_IncludingInitialMouseDown -> NoCapture
[2021.09.13-04.41.10:255][  0]LogLoad: Took 0.062399 seconds to LoadMap(/Game/Levels/MainMenu)
[2021.09.13-04.41.10:332][  0]LogSlate: Took 0.000129 seconds to synchronously load lazily loaded font '../../../Engine/Content/Slate/Fonts/Roboto-Regular.ttf' (155K)
[2021.09.13-04.41.10:370][  0]LogRenderer: Reallocating scene render targets to support 1280x720 Format 10 NumSamples 1 (Frame:1).
[2021.09.13-04.41.10:370][  0]LogInit: Display: Engine is initialized. Leaving FEngineLoop::Init()
[2021.09.13-04.41.10:370][  0]LogLoad: (Engine Initialization) Total time: 4.16 seconds
[2021.09.13-04.41.10:370][  0]LogLoad: (Engine Initialization) Total Blueprint compile time: 0.00 seconds
[2021.09.13-04.41.10:372][  0]LogContentStreaming: Texture pool size now 1000 MB
[2021.09.13-04.41.10:374][  0]LogSlate: InvalidateAllWidgets triggered.  All widgets were invalidated
[2021.09.13-04.41.10:407][  1]LogSlate: Took 0.000144 seconds to synchronously load lazily loaded font '../../../Engine/Content/Slate/Fonts/Roboto-Regular.ttf' (155K)
[2021.09.13-04.41.11:765][595]LogPackageName: SearchForPackageOnDisk took   0.064s to resolve GameLevel.umap.
[2021.09.13-04.41.11:766][595]LogViewport: Display: Viewport MouseLockMode Changed, DoNotLock -> LockOnCapture
[2021.09.13-04.41.11:766][595]LogViewport: Display: Viewport MouseCaptureMode Changed, NoCapture -> CapturePermanently
[2021.09.13-04.41.11:828][595]LogPackageName: SearchForPackageOnDisk took   0.063s to resolve GameLevel.umap.
[2021.09.13-04.41.11:828][595]LogNet: Browse: /Game/Levels/GameLevel
[2021.09.13-04.41.11:828][595]LogLoad: LoadMap: /Game/Levels/GameLevel
[2021.09.13-04.41.11:828][595]LogWorld: BeginTearingDown for /Game/Levels/MainMenu
[2021.09.13-04.41.11:829][595]LogWorld: UWorld::CleanupWorld for MainMenu, bSessionEnded=true, bCleanupResources=true
[2021.09.13-04.41.11:829][595]LogSlate: InvalidateAllWidgets triggered.  All widgets were invalidated
[2021.09.13-04.41.11:863][595]LogAudio: Display: Audio Device unregistered from world 'None'.
[2021.09.13-04.41.11:866][595]LogUObjectHash: Compacting FUObjectHashTables data took   0.64ms
[2021.09.13-04.41.11:945][595]LogAudio: Display: Audio Device (ID: 1) registered with world 'GameLevel'.
[2021.09.13-04.41.11:946][595]LogAIModule: Creating AISystem for world GameLevel
[2021.09.13-04.41.11:946][595]LogLoad: Game class is 'FirstPersonGameMode_C'
[2021.09.13-04.41.11:948][595]LogWorld: Bringing World /Game/Levels/GameLevel.GameLevel up for play (max tick rate 0) at 2021.09.13-00.41.11
[2021.09.13-04.41.11:949][595]LogWorld: Bringing up level for play took: 0.001965
[2021.09.13-04.41.11:950][595]LogLoad: Took 0.121458 seconds to LoadMap(/Game/Levels/GameLevel)
[2021.09.13-04.41.15:524][581]LogPackageName: SearchForPackageOnDisk took   0.064s to resolve MainMenu.umap.
[2021.09.13-04.41.15:524][581]LogViewport: Display: Viewport MouseLockMode Changed, LockOnCapture -> DoNotLock
[2021.09.13-04.41.15:524][581]LogViewport: Display: Viewport MouseCaptureMode Changed, CapturePermanently -> NoCapture
[2021.09.13-04.41.15:589][581]LogPackageName: SearchForPackageOnDisk took   0.064s to resolve MainMenu.umap.
[2021.09.13-04.41.15:589][581]LogNet: Browse: /Game/Levels/MainMenu
[2021.09.13-04.41.15:589][581]LogLoad: LoadMap: /Game/Levels/MainMenu
[2021.09.13-04.41.15:589][581]LogWorld: BeginTearingDown for /Game/Levels/GameLevel
[2021.09.13-04.41.15:590][581]LogWorld: UWorld::CleanupWorld for GameLevel, bSessionEnded=true, bCleanupResources=true
[2021.09.13-04.41.15:590][581]LogSlate: InvalidateAllWidgets triggered.  All widgets were invalidated
[2021.09.13-04.41.15:626][581]LogAudio: Display: Waited 35.567204 ms for audio thread.
[2021.09.13-04.41.15:629][581]LogAudio: Display: Waited 39.399300 ms for audio thread.
[2021.09.13-04.41.15:633][581]LogAudio: Display: Audio Device unregistered from world 'None'.
[2021.09.13-04.41.15:637][581]LogUObjectHash: Compacting FUObjectHashTables data took   0.55ms
[2021.09.13-04.41.15:680][581]LogAudio: Display: Audio Device (ID: 1) registered with world 'MainMenu'.
[2021.09.13-04.41.15:681][581]LogAIModule: Creating AISystem for world MainMenu
[2021.09.13-04.41.15:681][581]LogLoad: Game class is 'FirstPersonGameMode_C'
[2021.09.13-04.41.15:682][581]LogWorld: Bringing World /Game/Levels/MainMenu.MainMenu up for play (max tick rate 0) at 2021.09.13-00.41.15
[2021.09.13-04.41.15:682][581]LogWorld: Bringing up level for play took: 0.000240
[2021.09.13-04.41.15:682][581]LogGameMode: FindPlayerStart: PATHS NOT DEFINED or NO PLAYERSTART with positive rating
[2021.09.13-04.41.15:683][581]LogLoad: Took 0.095153 seconds to LoadMap(/Game/Levels/MainMenu)
[2021.09.13-04.41.17:296][315]LogPackageName: SearchForPackageOnDisk took   0.064s to resolve GameLevel.umap.
[2021.09.13-04.41.17:296][315]LogViewport: Display: Viewport MouseLockMode Changed, DoNotLock -> LockOnCapture
[2021.09.13-04.41.17:296][315]LogViewport: Display: Viewport MouseCaptureMode Changed, NoCapture -> CapturePermanently
[2021.09.13-04.41.17:360][315]LogPackageName: SearchForPackageOnDisk took   0.063s to resolve GameLevel.umap.
[2021.09.13-04.41.17:360][315]LogNet: Browse: /Game/Levels/GameLevel
[2021.09.13-04.41.17:360][315]LogLoad: LoadMap: /Game/Levels/GameLevel
[2021.09.13-04.41.17:360][315]LogWorld: BeginTearingDown for /Game/Levels/MainMenu
[2021.09.13-04.41.17:360][315]LogWorld: UWorld::CleanupWorld for MainMenu, bSessionEnded=true, bCleanupResources=true
[2021.09.13-04.41.17:360][315]LogSlate: InvalidateAllWidgets triggered.  All widgets were invalidated
[2021.09.13-04.41.17:396][315]LogAudio: Display: Waited 35.118801 ms for audio thread.
[2021.09.13-04.41.17:399][315]LogAudio: Display: Waited 38.910400 ms for audio thread.
[2021.09.13-04.41.17:403][315]LogAudio: Display: Audio Device unregistered from world 'None'.
[2021.09.13-04.41.17:405][315]LogUObjectHash: Compacting FUObjectHashTables data took   0.44ms
[2021.09.13-04.41.17:484][315]LogAudio: Display: Audio Device (ID: 1) registered with world 'GameLevel'.
[2021.09.13-04.41.17:484][315]LogAIModule: Creating AISystem for world GameLevel
[2021.09.13-04.41.17:484][315]LogLoad: Game class is 'FirstPersonGameMode_C'
[2021.09.13-04.41.17:487][315]LogWorld: Bringing World /Game/Levels/GameLevel.GameLevel up for play (max tick rate 0) at 2021.09.13-00.41.17
[2021.09.13-04.41.17:487][315]LogWorld: Bringing up level for play took: 0.001848
[2021.09.13-04.41.17:488][315]LogLoad: Took 0.128796 seconds to LoadMap(/Game/Levels/GameLevel)
[2021.09.13-04.41.21:797][526]Closing by request
[2021.09.13-04.41.21:797][526]LogWindows: FPlatformMisc::RequestExit(0)
[2021.09.13-04.41.21:797][526]LogWindows: FPlatformMisc::RequestExitWithStatus(0, 0)
[2021.09.13-04.41.21:797][526]LogCore: Engine exit requested (reason: Win RequestExit)
[2021.09.13-04.41.21:800][527]LogCore: Engine exit requested (reason: EngineExit() was called; note: exit was already requested)
[2021.09.13-04.41.21:800][527]LogInit: Display: PreExit Game.
[2021.09.13-04.41.21:806][527]LogWorld: BeginTearingDown for /Game/Levels/GameLevel
[2021.09.13-04.41.21:807][527]LogWorld: UWorld::CleanupWorld for GameLevel, bSessionEnded=true, bCleanupResources=true
[2021.09.13-04.41.21:807][527]LogSlate: InvalidateAllWidgets triggered.  All widgets were invalidated
[2021.09.13-04.41.21:969][527]LogAudio: Display: Beginning Audio Device Manager Shutdown (Module: AudioMixerXAudio2)...
[2021.09.13-04.41.21:969][527]LogAudio: Display: Destroying 1 Remaining Audio Device(s)...
[2021.09.13-04.41.21:969][527]LogAudio: Display: Audio Device unregistered from world 'GameLevel'.
[2021.09.13-04.41.22:009][527]LogAudioMixer: FMixerPlatformXAudio2::StopAudioStream() called
[2021.09.13-04.41.22:010][527]LogAudioMixer: FMixerPlatformXAudio2::StopAudioStream() called
[2021.09.13-04.41.22:012][527]LogAudio: Display: Audio Device Manager Shutdown
[2021.09.13-04.41.22:017][527]LogSlate: Window 'Group_3_Project_1 (64-bit Development PCD3D_SM5) ' being destroyed
[2021.09.13-04.41.22:018][527]LogWindowsTextInputMethodSystem: Display: IME system deactivated.
[2021.09.13-04.41.22:020][527]LogWindowsTextInputMethodSystem: Display: IME system deactivated.
[2021.09.13-04.41.22:022][527]LogExit: Preparing to exit.
[2021.09.13-04.41.22:718][527]LogUObjectHash: Compacting FUObjectHashTables data took   0.65ms
[2021.09.13-04.41.22:809][527]LogMoviePlayer: Shutting down movie player
[2021.09.13-04.41.22:825][527]LogSlate: Updating window title bar state: overlay mode, drag disabled, window buttons hidden, title bar hidden
[2021.09.13-04.41.22:829][527]LogDemo: Cleaned up 0 splitscreen connections with owner deletion
[2021.09.13-04.41.22:833][527]LogExit: Game engine shut down
[2021.09.13-04.41.22:862][527]LogExit: Object subsystem successfully closed.
[2021.09.13-04.41.22:870][527]LogShaderCompilers: Display: === FShaderJobCache stats ===
[2021.09.13-04.41.22:870][527]LogShaderCompilers: Display: Total job queries 0, among them cache hits 0 (0.00%)
[2021.09.13-04.41.22:870][527]LogShaderCompilers: Display: Tracking 0 distinct input hashes that result in 0 distinct outputs (0.00%)
[2021.09.13-04.41.22:870][527]LogShaderCompilers: Display: RAM used: 0.00 MB (0.00 GB) of 1638.40 MB (1.60 GB) budget. Usage: 0.00%
[2021.09.13-04.41.22:870][527]LogShaderCompilers: Display: ================================================
[2021.09.13-04.41.22:873][527]LogShaderCompilers: Display: Shaders left to compile 0
[2021.09.13-04.41.22:887][527]LogModuleManager: Shutting down and abandoning module SequenceRecorderSections (558)
[2021.09.13-04.41.22:887][527]LogModuleManager: Shutting down and abandoning module SequenceRecorder (556)
[2021.09.13-04.41.22:887][527]LogModuleManager: Shutting down and abandoning module AutomationController (554)
[2021.09.13-04.41.22:887][527]LogModuleManager: Shutting down and abandoning module AutomationWorker (552)
[2021.09.13-04.41.22:887][527]LogModuleManager: Shutting down and abandoning module Voice (550)
[2021.09.13-04.41.22:887][527]LogModuleManager: Shutting down and abandoning module AIModule (548)
[2021.09.13-04.41.22:887][527]LogModuleManager: Shutting down and abandoning module GameplayDebugger (547)
[2021.09.13-04.41.22:887][527]LogModuleManager: Shutting down and abandoning module AITestSuite (545)
[2021.09.13-04.41.22:887][527]LogModuleManager: Shutting down and abandoning module NavigationSystem (543)
[2021.09.13-04.41.22:887][527]LogModuleManager: Shutting down and abandoning module SteamVREditor (540)
[2021.09.13-04.41.22:887][527]LogModuleManager: Shutting down and abandoning module ToolMenus (539)
[2021.09.13-04.41.22:887][527]LogModuleManager: Shutting down and abandoning module OculusMR (536)
[2021.09.13-04.41.22:887][527]LogModuleManager: Shutting down and abandoning module TakeRecorderSources (534)
[2021.09.13-04.41.22:887][527]LogModuleManager: Shutting down and abandoning module TakeRecorder (533)
[2021.09.13-04.41.22:887][527]LogModuleManager: Shutting down and abandoning module TakeTrackRecorders (530)
[2021.09.13-04.41.22:887][527]LogModuleManager: Shutting down and abandoning module TakesCore (528)
[2021.09.13-04.41.22:887][527]LogModuleManager: Shutting down and abandoning module OpenXRInput (526)
[2021.09.13-04.41.22:887][527]LogModuleManager: Shutting down and abandoning module MagicLeapMediaCodecFactory (524)
[2021.09.13-04.41.22:887][527]LogModuleManager: Shutting down and abandoning module MagicLeapMediaFactory (522)
[2021.09.13-04.41.22:887][527]LogModuleManager: Shutting down and abandoning module WebMMediaFactory (520)
[2021.09.13-04.41.22:887][527]LogModuleManager: Shutting down and abandoning module WebMMedia (518)
[2021.09.13-04.41.22:887][527]LogModuleManager: Shutting down and abandoning module WmfMediaFactory (516)
[2021.09.13-04.41.22:887][527]LogModuleManager: Shutting down and abandoning module OpenExrWrapper (514)
[2021.09.13-04.41.22:887][527]LogModuleManager: Shutting down and abandoning module ImgMediaFactory (512)
[2021.09.13-04.41.22:887][527]LogModuleManager: Shutting down and abandoning module AvfMediaFactory (510)
[2021.09.13-04.41.22:887][527]LogModuleManager: Shutting down and abandoning module PlanarCut (508)
[2021.09.13-04.41.22:887][527]LogModuleManager: Shutting down and abandoning module CharacterAI (506)
[2021.09.13-04.41.22:887][527]LogModuleManager: Shutting down and abandoning module SessionServices (504)
[2021.09.13-04.41.22:887][527]LogModuleManager: Shutting down and abandoning module MovieSceneCapture (502)
[2021.09.13-04.41.22:887][527]LogModuleManager: Shutting down and abandoning module LiveCoding (500)
[2021.09.13-04.41.22:888][527]LogModuleManager: Shutting down and abandoning module LevelSequence (498)
[2021.09.13-04.41.22:888][527]LogModuleManager: Shutting down and abandoning module MovieSceneTracks (496)
[2021.09.13-04.41.22:888][527]LogModuleManager: Shutting down and abandoning module MovieScene (494)
[2021.09.13-04.41.22:888][527]LogModuleManager: Shutting down and abandoning module StreamingPauseRendering (492)
[2021.09.13-04.41.22:888][527]LogModuleManager: Shutting down and abandoning module PortalServices (490)
[2021.09.13-04.41.22:888][527]LogModuleManager: Shutting down and abandoning module PortalRpc (488)
[2021.09.13-04.41.22:888][527]LogModuleManager: Shutting down and abandoning module MessagingRpc (486)
[2021.09.13-04.41.22:888][527]LogModuleManager: Shutting down and abandoning module AudioMixerXAudio2 (484)
[2021.09.13-04.41.22:888][527]LogModuleManager: Shutting down and abandoning module AudioMixerCore (483)
[2021.09.13-04.41.22:888][527]LogModuleManager: Shutting down and abandoning module ImageWriteQueue (480)
[2021.09.13-04.41.22:890][527]LogModuleManager: Shutting down and abandoning module ProfilerService (478)
[2021.09.13-04.41.22:949][527]LogModuleManager: Shutting down and abandoning module TaskGraph (476)
[2021.09.13-04.41.22:949][527]LogModuleManager: Shutting down and abandoning module OculusInput (474)
[2021.09.13-04.41.22:949][527]LogModuleManager: Shutting down and abandoning module LiveLinkSequencer (472)
[2021.09.13-04.41.22:949][527]LogModuleManager: Shutting down and abandoning module LiveLinkMovieScene (470)
[2021.09.13-04.41.22:949][527]LogModuleManager: Shutting down and abandoning module LiveLinkGraphNode (468)
[2021.09.13-04.41.22:949][527]LogModuleManager: Shutting down and abandoning module LiveLinkComponents (466)
[2021.09.13-04.41.22:949][527]LogModuleManager: Shutting down and abandoning module LiveLink (464)
