Log file open, 09/13/21 01:22:16
LogWindows: Failed to load 'aqProf.dll' (GetLastError=126)
LogWindows: File 'aqProf.dll' does not exist
LogWindows: Failed to load 'VtuneApi.dll' (GetLastError=126)
LogWindows: File 'VtuneApi.dll' does not exist
LogWindows: Failed to load 'VtuneApi32e.dll' (GetLastError=126)
LogWindows: File 'VtuneApi32e.dll' does not exist
LogConsoleResponse: Display: Failed to find resolution value strings in scalability ini. Falling back to default.
LogConsoleResponse: Display: Failed to find resolution value strings in scalability ini. Falling back to default.
LogInit: Display: Running engine for game: Group_3_Project_1
LogPlatformFile: Not using cached read wrapper
LogTaskGraph: Started task graph with 5 named threads and 35 total threads with 3 sets of task threads.
LogStats: Stats thread started at 0.207268
LogICUInternationalization: ICU TimeZone Detection - Raw Offset: -5:00, Platform Override: ''
LogInit: Display: Loading text-based GConfig....
LogPluginManager: Mounting plugin MeshPainting
LogPluginManager: Mounting plugin XGEController
LogPluginManager: Mounting plugin Paper2D
LogPluginManager: Mounting plugin LiveLink
LogPluginManager: Mounting plugin AISupport
LogPluginManager: Mounting plugin EnvironmentQueryEditor
LogPluginManager: Mounting plugin LightPropagationVolume
LogPluginManager: Mounting plugin CameraShakePreviewer
LogPluginManager: Mounting plugin GameplayCameras
LogPluginManager: Mounting plugin AnimationSharing
LogPluginManager: Mounting plugin CodeLiteSourceCodeAccess
LogPluginManager: Mounting plugin OodleData
LogPluginManager: Mounting plugin KDevelopSourceCodeAccess
LogPluginManager: Mounting plugin CLionSourceCodeAccess
LogPluginManager: Mounting plugin NullSourceCodeAccess
LogPluginManager: Mounting plugin GitSourceControl
LogPluginManager: Mounting plugin PerforceSourceControl
LogPluginManager: Mounting plugin PixWinPlugin
LogPluginManager: Mounting plugin PlasticSourceControl
LogPluginManager: Mounting plugin Niagara
LogPluginManager: Mounting plugin AssetManagerEditor
LogPluginManager: Mounting plugin PluginUtils
LogPluginManager: Mounting plugin PropertyAccessNode
LogPluginManager: Mounting plugin RiderSourceCodeAccess
LogPluginManager: Mounting plugin SubversionSourceControl
LogPluginManager: Mounting plugin TextureFormatOodle
LogPluginManager: Mounting plugin CryptoKeys
LogPluginManager: Mounting plugin CurveEditorTools
LogPluginManager: Mounting plugin DataValidation
LogPluginManager: Mounting plugin UObjectPlugin
LogPluginManager: Mounting plugin FacialAnimation
LogPluginManager: Mounting plugin VisualStudioCodeSourceCodeAccess
LogPluginManager: Mounting plugin VisualStudioSourceCodeAccess
LogPluginManager: Mounting plugin XCodeSourceCodeAccess
LogPluginManager: Mounting plugin GameplayTagsEditor
LogPluginManager: Mounting plugin GeometryMode
LogPluginManager: Mounting plugin MacGraphicsSwitching
LogPluginManager: Mounting plugin MaterialAnalyzer
LogPluginManager: Mounting plugin MobileLauncherProfileWizard
LogPluginManager: Mounting plugin OodleNetwork
LogPluginManager: Mounting plugin PluginBrowser
LogPluginManager: Mounting plugin SpeedTreeImporter
LogPluginManager: Mounting plugin AlembicImporter
LogPluginManager: Mounting plugin AutomationUtils
LogPluginManager: Mounting plugin BackChannel
LogPluginManager: Mounting plugin ChaosCloth
LogPluginManager: Mounting plugin ChaosClothEditor
LogPluginManager: Mounting plugin ChaosEditor
LogPluginManager: Mounting plugin ChaosSolverPlugin
LogPluginManager: Mounting plugin ChaosNiagara
LogPluginManager: Mounting plugin CharacterAI
LogPluginManager: Mounting plugin GeometryCache
LogPluginManager: Mounting plugin GeometryCollectionPlugin
LogPluginManager: Mounting plugin GeometryProcessing
LogPluginManager: Mounting plugin MotoSynth
LogPluginManager: Mounting plugin OpenImageDenoise
LogPluginManager: Mounting plugin PlanarCut
LogPluginManager: Mounting plugin PlatformCrypto
LogPluginManager: Mounting plugin ProxyLODPlugin
LogPluginManager: Mounting plugin PythonScriptPlugin
LogPluginManager: Mounting plugin SkeletalReduction
LogPluginManager: Mounting plugin DatasmithContent
LogPluginManager: Mounting plugin VariantManagerContent
LogPluginManager: Mounting plugin LuminPlatformFeatures
LogPluginManager: Mounting plugin MagicLeapMedia
LogPluginManager: Mounting plugin MagicLeapLightEstimation
LogPluginManager: Mounting plugin MagicLeapPassableWorld
LogPluginManager: Mounting plugin MLSDK
LogPluginManager: Mounting plugin AndroidMedia
LogPluginManager: Mounting plugin AvfMedia
LogPluginManager: Mounting plugin ImgMedia
LogPluginManager: Mounting plugin MediaCompositing
LogPluginManager: Mounting plugin MediaPlayerEditor
LogPluginManager: Mounting plugin WebMMedia
LogPluginManager: Mounting plugin WmfMedia
LogPluginManager: Mounting plugin ActorSequence
LogPluginManager: Mounting plugin TcpMessaging
LogPluginManager: Mounting plugin UdpMessaging
LogPluginManager: Mounting plugin LevelSequenceEditor
LogPluginManager: Mounting plugin MagicLeap
LogPluginManager: Mounting plugin MatineeToLevelSequence
LogPluginManager: Mounting plugin TemplateSequence
LogPluginManager: Mounting plugin OnlineSubsystem
LogPluginManager: Mounting plugin OnlineSubsystemNull
LogPluginManager: Mounting plugin OnlineSubsystemUtils
LogPluginManager: Mounting plugin LauncherChunkInstaller
LogPluginManager: Mounting plugin ActorLayerUtilities
LogPluginManager: Mounting plugin AndroidDeviceProfileSelector
LogPluginManager: Mounting plugin AndroidMoviePlayer
LogPluginManager: Mounting plugin AndroidPermission
LogPluginManager: Mounting plugin AppleImageUtils
LogPluginManager: Mounting plugin AudioCapture
LogPluginManager: Mounting plugin ArchVisCharacter
LogPluginManager: Mounting plugin AssetTags
LogPluginManager: Mounting plugin AppleMoviePlayer
LogPluginManager: Mounting plugin AudioSynesthesia
LogPluginManager: Mounting plugin ChunkDownloader
LogPluginManager: Mounting plugin CableComponent
LogPluginManager: Mounting plugin CustomMeshComponent
LogPluginManager: Mounting plugin ExampleDeviceProfileSelector
LogPluginManager: Mounting plugin EditableMesh
LogPluginManager: Mounting plugin GoogleCloudMessaging
LogPluginManager: Mounting plugin GooglePAD
LogPluginManager: Mounting plugin IOSDeviceProfileSelector
LogPluginManager: Mounting plugin LinuxDeviceProfileSelector
LogPluginManager: Mounting plugin LocationServicesBPLibrary
LogPluginManager: Mounting plugin MobilePatchingUtils
LogPluginManager: Mounting plugin OpenXR
LogPluginManager: Mounting plugin OpenXREyeTracker
LogPluginManager: Mounting plugin OpenXRHandTracking
LogPluginManager: Mounting plugin ScreenshotTools
LogPluginManager: Mounting plugin PhysXVehicles
LogPluginManager: Mounting plugin PostSplashScreen
LogPluginManager: Mounting plugin ProceduralMeshComponent
LogPluginManager: Mounting plugin PropertyAccessEditor
LogPluginManager: Mounting plugin RuntimePhysXCooking
LogPluginManager: Mounting plugin SignificanceManager
LogPluginManager: Mounting plugin SoundFields
LogPluginManager: Mounting plugin Synthesis
LogPluginManager: Mounting plugin WebMMoviePlayer
LogPluginManager: Mounting plugin WindowsMoviePlayer
LogPluginManager: Mounting plugin Takes
LogPluginManager: Mounting plugin ContentBrowserAssetDataSource
LogPluginManager: Mounting plugin ContentBrowserClassDataSource
LogPluginManager: Mounting plugin ContentBrowserFileDataSource
LogPluginManager: Mounting plugin OnlineSubsystemGooglePlay
LogPluginManager: Mounting plugin OnlineSubsystemIOS
LogPluginManager: Mounting plugin OculusVR
LogPluginManager: Mounting plugin SteamVR
PixWinPlugin: PIX capture plugin failed to initialize! Check that the process is launched from PIX.
LogInit: Using libcurl 7.55.1-DEV
LogInit:  - built for x86_64-pc-win32
LogInit:  - supports SSL with OpenSSL/1.1.1
LogInit:  - supports HTTP deflate (compression) using libz 1.2.8
LogInit:  - other features:
LogInit:      CURL_VERSION_SSL
LogInit:      CURL_VERSION_LIBZ
LogInit:      CURL_VERSION_IPV6
LogInit:      CURL_VERSION_ASYNCHDNS
LogInit:      CURL_VERSION_LARGEFILE
LogInit:      CURL_VERSION_IDN
LogInit:  CurlRequestOptions (configurable via config and command line):
LogInit:  - bVerifyPeer = true  - Libcurl will verify peer certificate
LogInit:  - bUseHttpProxy = false  - Libcurl will NOT use HTTP proxy
LogInit:  - bDontReuseConnections = false  - Libcurl will reuse connections
LogInit:  - MaxHostConnections = 16  - Libcurl will limit the number of connections to a host
LogInit:  - LocalHostAddr = Default
LogInit:  - BufferSize = 65536
LogOnline: OSS: Creating online subsystem instance for: NULL
LogInit: WinSock: version 1.1 (2.2), MaxSocks=32767, MaxUdp=65467
LogOnline: OSS: TryLoadSubsystemAndSetDefault: Loaded subsystem for module [NULL]
LogOculusPluginWrapper: OculusPlugin initialized successfully
LogHMD: Failed initializing OVRPlugin 1.59.0
LogInit: Build: ++UE4+Release-4.27-CL-17155196
LogInit: Engine Version: 4.27.0-17155196+++UE4+Release-4.27
LogInit: Compatible Engine Version: 4.27.0-17155196+++UE4+Release-4.27
LogInit: Net CL: 17155196
LogInit: OS: Windows 10 (Release 2009) (), CPU: Intel(R) Core(TM) i5-10600K CPU @ 4.10GHz, GPU: NVIDIA GeForce GTX 1060 3GB
LogInit: Compiled (64-bit): Aug 13 2021 06:13:13
LogInit: Compiled with Visual C++: 19.24.28315.00
LogInit: Build Configuration: Development
LogInit: Branch Name: ++UE4+Release-4.27
LogInit: Command Line:  /Game/Levels/GameLevel -game -PIEVIACONSOLE -Multiprocess "GameUserSettingsINI=D:/Epic Games/Group-3/Group_3_Project_1/Saved/Config/Windows/PIEGameUserSettings0.ini" -MultiprocessSaveConfig -forcepassthrough -messaging -SessionName="Play in Standalone Game" -windowed -WinX=320 -WinY=184 SAVEWINPOS=1 -ResX=1280 -ResY=720
LogInit: Base Directory: C:/Program Files/Epic Games/UE_4.27/Engine/Binaries/Win64/
LogInit: Allocator: TBB
LogInit: Installed Engine Build: 1
LogDevObjectVersion: Number of dev versions registered: 29
LogDevObjectVersion:   Dev-Blueprints (B0D832E4-1F89-4F0D-ACCF-7EB736FD4AA2): 10
LogDevObjectVersion:   Dev-Build (E1C64328-A22C-4D53-A36C-8E866417BD8C): 0
LogDevObjectVersion:   Dev-Core (375EC13C-06E4-48FB-B500-84F0262A717E): 4
LogDevObjectVersion:   Dev-Editor (E4B068ED-F494-42E9-A231-DA0B2E46BB41): 40
LogDevObjectVersion:   Dev-Framework (CFFC743F-43B0-4480-9391-14DF171D2073): 37
LogDevObjectVersion:   Dev-Mobile (B02B49B5-BB20-44E9-A304-32B752E40360): 3
LogDevObjectVersion:   Dev-Networking (A4E4105C-59A1-49B5-A7C5-40C4547EDFEE): 0
LogDevObjectVersion:   Dev-Online (39C831C9-5AE6-47DC-9A44-9C173E1C8E7C): 0
LogDevObjectVersion:   Dev-Physics (78F01B33-EBEA-4F98-B9B4-84EACCB95AA2): 14
LogDevObjectVersion:   Dev-Platform (6631380F-2D4D-43E0-8009-CF276956A95A): 0
LogDevObjectVersion:   Dev-Rendering (12F88B9F-8875-4AFC-A67C-D90C383ABD29): 45
LogDevObjectVersion:   Dev-Sequencer (7B5AE74C-D270-4C10-A958-57980B212A5A): 13
LogDevObjectVersion:   Dev-VR (D7296918-1DD6-4BDD-9DE2-64A83CC13884): 3
LogDevObjectVersion:   Dev-LoadTimes (C2A15278-BFE7-4AFE-6C17-90FF531DF755): 1
LogDevObjectVersion:   Private-Geometry (6EACA3D4-40EC-4CC1-B786-8BED09428FC5): 3
LogDevObjectVersion:   Dev-AnimPhys (29E575DD-E0A3-4627-9D10-D276232CDCEA): 17
LogDevObjectVersion:   Dev-Anim (AF43A65D-7FD3-4947-9873-3E8ED9C1BB05): 15
LogDevObjectVersion:   Dev-ReflectionCapture (6B266CEC-1EC7-4B8F-A30B-E4D90942FC07): 1
LogDevObjectVersion:   Dev-Automation (0DF73D61-A23F-47EA-B727-89E90C41499A): 1
LogDevObjectVersion:   FortniteMain (601D1886-AC64-4F84-AA16-D3DE0DEAC7D6): 47
LogDevObjectVersion:   FortniteRelease (E7086368-6B23-4C58-8439-1B7016265E91): 1
LogDevObjectVersion:   Dev-Enterprise (9DFFBCD6-494F-0158-E221-12823C92A888): 10
LogDevObjectVersion:   Dev-Niagara (F2AED0AC-9AFE-416F-8664-AA7FFA26D6FC): 1
LogDevObjectVersion:   Dev-Destruction (174F1F0B-B4C6-45A5-B13F-2EE8D0FB917D): 10
LogDevObjectVersion:   Dev-Physics-Ext (35F94A83-E258-406C-A318-09F59610247C): 41
LogDevObjectVersion:   Dev-PhysicsMaterial-Chaos (B68FC16E-8B1B-42E2-B453-215C058844FE): 1
LogDevObjectVersion:   Dev-CineCamera (B2E18506-4273-CFC2-A54E-F4BB758BBA07): 1
LogDevObjectVersion:   Dev-VirtualProduction (64F58936-FD1B-42BA-BA96-7289D5D0FA4E): 1
LogDevObjectVersion:   Dev-MediaFramework (6F0ED827-A609-4895-9C91-998D90180EA4): 2
LogInit: Presizing for max 25165824 objects, including 0 objects not considered by GC, pre-allocating 0 bytes for permanent pool.
LogConfig: Applying CVar settings from Section [/Script/Engine.StreamingSettings] File [D:/Epic Games/Group-3/Group_3_Project_1/Saved/Config/Windows/Engine.ini]
LogConfig: Setting CVar [[s.MinBulkDataSizeForAsyncLoading:131072]]
LogConfig: Setting CVar [[s.AsyncLoadingThreadEnabled:0]]
LogConfig: Setting CVar [[s.EventDrivenLoaderEnabled:1]]
LogConfig: Setting CVar [[s.WarnIfTimeLimitExceeded:0]]
LogConfig: Setting CVar [[s.TimeLimitExceededMultiplier:1.5]]
LogConfig: Setting CVar [[s.TimeLimitExceededMinTime:0.005]]
LogConfig: Setting CVar [[s.UseBackgroundLevelStreaming:1]]
LogConfig: Setting CVar [[s.PriorityAsyncLoadingExtraTime:15.0]]
LogConfig: Setting CVar [[s.LevelStreamingActorsUpdateTimeLimit:5.0]]
LogConfig: Setting CVar [[s.PriorityLevelStreamingActorsUpdateExtraTime:5.0]]
LogConfig: Setting CVar [[s.LevelStreamingComponentsRegistrationGranularity:10]]
LogConfig: Setting CVar [[s.UnregisterComponentsTimeLimit:1.0]]
LogConfig: Setting CVar [[s.LevelStreamingComponentsUnregistrationGranularity:5]]
LogConfig: Setting CVar [[s.FlushStreamingOnExit:1]]
LogInit: Object subsystem initialized
LogConfig: Setting CVar [[con.DebugEarlyDefault:1]]
LogConfig: Setting CVar [[r.setres:1280x720]]
[2021.09.13-05.22.17:299][  0]LogConfig: Setting CVar [[con.DebugEarlyDefault:1]]
[2021.09.13-05.22.17:299][  0]LogConfig: Setting CVar [[r.setres:1280x720]]
[2021.09.13-05.22.17:299][  0]LogConfig: Applying CVar settings from Section [/Script/Engine.RendererSettings] File [D:/Epic Games/Group-3/Group_3_Project_1/Saved/Config/Windows/Engine.ini]
[2021.09.13-05.22.17:299][  0]LogConfig: Setting CVar [[r.GPUCrashDebugging:0]]
[2021.09.13-05.22.17:299][  0]LogConfig: Applying CVar settings from Section [/Script/Engine.RendererOverrideSettings] File [D:/Epic Games/Group-3/Group_3_Project_1/Saved/Config/Windows/Engine.ini]
[2021.09.13-05.22.17:299][  0]LogConfig: Applying CVar settings from Section [/Script/Engine.StreamingSettings] File [D:/Epic Games/Group-3/Group_3_Project_1/Saved/Config/Windows/Engine.ini]
[2021.09.13-05.22.17:299][  0]LogConfig: Setting CVar [[s.MinBulkDataSizeForAsyncLoading:131072]]
[2021.09.13-05.22.17:299][  0]LogConfig: Setting CVar [[s.AsyncLoadingThreadEnabled:0]]
[2021.09.13-05.22.17:299][  0]LogConfig: Setting CVar [[s.EventDrivenLoaderEnabled:1]]
[2021.09.13-05.22.17:299][  0]LogConfig: Setting CVar [[s.WarnIfTimeLimitExceeded:0]]
[2021.09.13-05.22.17:299][  0]LogConfig: Setting CVar [[s.TimeLimitExceededMultiplier:1.5]]
[2021.09.13-05.22.17:299][  0]LogConfig: Setting CVar [[s.TimeLimitExceededMinTime:0.005]]
[2021.09.13-05.22.17:299][  0]LogConfig: Setting CVar [[s.UseBackgroundLevelStreaming:1]]
[2021.09.13-05.22.17:299][  0]LogConfig: Setting CVar [[s.PriorityAsyncLoadingExtraTime:15.0]]
[2021.09.13-05.22.17:299][  0]LogConfig: Setting CVar [[s.LevelStreamingActorsUpdateTimeLimit:5.0]]
[2021.09.13-05.22.17:299][  0]LogConfig: Setting CVar [[s.PriorityLevelStreamingActorsUpdateExtraTime:5.0]]
[2021.09.13-05.22.17:299][  0]LogConfig: Setting CVar [[s.LevelStreamingComponentsRegistrationGranularity:10]]
[2021.09.13-05.22.17:299][  0]LogConfig: Setting CVar [[s.UnregisterComponentsTimeLimit:1.0]]
[2021.09.13-05.22.17:299][  0]LogConfig: Setting CVar [[s.LevelStreamingComponentsUnregistrationGranularity:5]]
[2021.09.13-05.22.17:299][  0]LogConfig: Setting CVar [[s.FlushStreamingOnExit:1]]
[2021.09.13-05.22.17:299][  0]LogConfig: Applying CVar settings from Section [/Script/Engine.GarbageCollectionSettings] File [D:/Epic Games/Group-3/Group_3_Project_1/Saved/Config/Windows/Engine.ini]
[2021.09.13-05.22.17:299][  0]LogConfig: Setting CVar [[gc.MaxObjectsNotConsideredByGC:1]]
[2021.09.13-05.22.17:299][  0]LogConfig: Setting CVar [[gc.SizeOfPermanentObjectPool:0]]
[2021.09.13-05.22.17:299][  0]LogConfig: Setting CVar [[gc.FlushStreamingOnGC:0]]
[2021.09.13-05.22.17:299][  0]LogConfig: Setting CVar [[gc.NumRetriesBeforeForcingGC:10]]
[2021.09.13-05.22.17:299][  0]LogConfig: Setting CVar [[gc.AllowParallelGC:1]]
[2021.09.13-05.22.17:299][  0]LogConfig: Setting CVar [[gc.TimeBetweenPurgingPendingKillObjects:61.1]]
[2021.09.13-05.22.17:299][  0]LogConfig: Setting CVar [[gc.MaxObjectsInEditor:25165824]]
[2021.09.13-05.22.17:299][  0]LogConfig: Setting CVar [[gc.IncrementalBeginDestroyEnabled:1]]
[2021.09.13-05.22.17:299][  0]LogConfig: Setting CVar [[gc.CreateGCClusters:1]]
[2021.09.13-05.22.17:299][  0]LogConfig: Setting CVar [[gc.MinGCClusterSize:5]]
[2021.09.13-05.22.17:299][  0]LogConfig: Setting CVar [[gc.ActorClusteringEnabled:0]]
[2021.09.13-05.22.17:299][  0]LogConfig: Setting CVar [[gc.BlueprintClusteringEnabled:0]]
[2021.09.13-05.22.17:299][  0]LogConfig: Setting CVar [[gc.UseDisregardForGCOnDedicatedServers:0]]
[2021.09.13-05.22.17:299][  0]LogConfig: Setting CVar [[gc.MultithreadedDestructionEnabled:1]]
[2021.09.13-05.22.17:299][  0]LogConfig: Applying CVar settings from Section [/Script/Engine.NetworkSettings] File [D:/Epic Games/Group-3/Group_3_Project_1/Saved/Config/Windows/Engine.ini]
[2021.09.13-05.22.17:299][  0]LogConfig: Applying CVar settings from Section [/Script/UnrealEd.CookerSettings] File [D:/Epic Games/Group-3/Group_3_Project_1/Saved/Config/Windows/Engine.ini]
[2021.09.13-05.22.17:316][  0]LogConfig: Applying CVar settings from Section [ViewDistanceQuality@3] File [D:/Epic Games/Group-3/Group_3_Project_1/Saved/Config/Windows/Scalability.ini]
[2021.09.13-05.22.17:316][  0]LogConfig: Setting CVar [[r.SkeletalMeshLODBias:0]]
[2021.09.13-05.22.17:316][  0]LogConfig: Setting CVar [[r.ViewDistanceScale:1.0]]
[2021.09.13-05.22.17:316][  0]LogConfig: Applying CVar settings from Section [AntiAliasingQuality@3] File [D:/Epic Games/Group-3/Group_3_Project_1/Saved/Config/Windows/Scalability.ini]
[2021.09.13-05.22.17:316][  0]LogConfig: Setting CVar [[r.PostProcessAAQuality:4]]
[2021.09.13-05.22.17:316][  0]LogConfig: Applying CVar settings from Section [ShadowQuality@3] File [D:/Epic Games/Group-3/Group_3_Project_1/Saved/Config/Windows/Scalability.ini]
[2021.09.13-05.22.17:316][  0]LogConfig: Setting CVar [[r.LightFunctionQuality:1]]
[2021.09.13-05.22.17:316][  0]LogConfig: Setting CVar [[r.ShadowQuality:5]]
[2021.09.13-05.22.17:316][  0]LogConfig: Setting CVar [[r.Shadow.CSM.MaxCascades:10]]
[2021.09.13-05.22.17:316][  0]LogConfig: Setting CVar [[r.Shadow.MaxResolution:2048]]
[2021.09.13-05.22.17:316][  0]LogConfig: Setting CVar [[r.Shadow.MaxCSMResolution:2048]]
[2021.09.13-05.22.17:316][  0]LogConfig: Setting CVar [[r.Shadow.RadiusThreshold:0.01]]
[2021.09.13-05.22.17:316][  0]LogConfig: Setting CVar [[r.Shadow.DistanceScale:1.0]]
[2021.09.13-05.22.17:316][  0]LogConfig: Setting CVar [[r.Shadow.CSM.TransitionScale:1.0]]
[2021.09.13-05.22.17:316][  0]LogConfig: Setting CVar [[r.Shadow.PreShadowResolutionFactor:1.0]]
[2021.09.13-05.22.17:316][  0]LogConfig: Setting CVar [[r.DistanceFieldShadowing:1]]
[2021.09.13-05.22.17:316][  0]LogConfig: Setting CVar [[r.DistanceFieldAO:1]]
[2021.09.13-05.22.17:316][  0]LogConfig: Setting CVar [[r.AOQuality:2]]
[2021.09.13-05.22.17:316][  0]LogConfig: Setting CVar [[r.VolumetricFog:1]]
[2021.09.13-05.22.17:316][  0]LogConfig: Setting CVar [[r.VolumetricFog.GridPixelSize:8]]
[2021.09.13-05.22.17:316][  0]LogConfig: Setting CVar [[r.VolumetricFog.GridSizeZ:128]]
[2021.09.13-05.22.17:316][  0]LogConfig: Setting CVar [[r.VolumetricFog.HistoryMissSupersampleCount:4]]
[2021.09.13-05.22.17:316][  0]LogConfig: Setting CVar [[r.LightMaxDrawDistanceScale:1]]
[2021.09.13-05.22.17:316][  0]LogConfig: Setting CVar [[r.CapsuleShadows:1]]
[2021.09.13-05.22.17:316][  0]LogConfig: Applying CVar settings from Section [PostProcessQuality@3] File [D:/Epic Games/Group-3/Group_3_Project_1/Saved/Config/Windows/Scalability.ini]
[2021.09.13-05.22.17:316][  0]LogConfig: Setting CVar [[r.MotionBlurQuality:4]]
[2021.09.13-05.22.17:316][  0]LogConfig: Setting CVar [[r.AmbientOcclusionMipLevelFactor:0.4]]
[2021.09.13-05.22.17:316][  0]LogConfig: Setting CVar [[r.AmbientOcclusionMaxQuality:100]]
[2021.09.13-05.22.17:316][  0]LogConfig: Setting CVar [[r.AmbientOcclusionLevels:-1]]
[2021.09.13-05.22.17:316][  0]LogConfig: Setting CVar [[r.AmbientOcclusionRadiusScale:1.0]]
[2021.09.13-05.22.17:316][  0]LogConfig: Setting CVar [[r.DepthOfFieldQuality:2]]
[2021.09.13-05.22.17:316][  0]LogConfig: Setting CVar [[r.RenderTargetPoolMin:400]]
[2021.09.13-05.22.17:316][  0]LogConfig: Setting CVar [[r.LensFlareQuality:2]]
[2021.09.13-05.22.17:316][  0]LogConfig: Setting CVar [[r.SceneColorFringeQuality:1]]
[2021.09.13-05.22.17:316][  0]LogConfig: Setting CVar [[r.EyeAdaptationQuality:2]]
[2021.09.13-05.22.17:316][  0]LogConfig: Setting CVar [[r.BloomQuality:5]]
[2021.09.13-05.22.17:316][  0]LogConfig: Setting CVar [[r.FastBlurThreshold:100]]
[2021.09.13-05.22.17:316][  0]LogConfig: Setting CVar [[r.Upscale.Quality:3]]
[2021.09.13-05.22.17:316][  0]LogConfig: Setting CVar [[r.Tonemapper.GrainQuantization:1]]
[2021.09.13-05.22.17:316][  0]LogConfig: Setting CVar [[r.LightShaftQuality:1]]
[2021.09.13-05.22.17:317][  0]LogConfig: Setting CVar [[r.Filter.SizeScale:1]]
[2021.09.13-05.22.17:317][  0]LogConfig: Setting CVar [[r.Tonemapper.Quality:5]]
[2021.09.13-05.22.17:317][  0]LogConfig: Setting CVar [[r.DOF.Gather.AccumulatorQuality:1        ; higher gathering accumulator quality]]
[2021.09.13-05.22.17:317][  0]LogConfig: Setting CVar [[r.DOF.Gather.PostfilterMethod:1          ; Median3x3 postfilering method]]
[2021.09.13-05.22.17:317][  0]LogConfig: Setting CVar [[r.DOF.Gather.EnableBokehSettings:0       ; no bokeh simulation when gathering]]
[2021.09.13-05.22.17:317][  0]LogConfig: Setting CVar [[r.DOF.Gather.RingCount:4                 ; medium number of samples when gathering]]
[2021.09.13-05.22.17:317][  0]LogConfig: Setting CVar [[r.DOF.Scatter.ForegroundCompositing:1    ; additive foreground scattering]]
[2021.09.13-05.22.17:317][  0]LogConfig: Setting CVar [[r.DOF.Scatter.BackgroundCompositing:2    ; additive background scattering]]
[2021.09.13-05.22.17:317][  0]LogConfig: Setting CVar [[r.DOF.Scatter.EnableBokehSettings:1      ; bokeh simulation when scattering]]
[2021.09.13-05.22.17:317][  0]LogConfig: Setting CVar [[r.DOF.Scatter.MaxSpriteRatio:0.1         ; only a maximum of 10% of scattered bokeh]]
[2021.09.13-05.22.17:317][  0]LogConfig: Setting CVar [[r.DOF.Recombine.Quality:1                ; cheap slight out of focus]]
[2021.09.13-05.22.17:317][  0]LogConfig: Setting CVar [[r.DOF.Recombine.EnableBokehSettings:0    ; no bokeh simulation on slight out of focus]]
[2021.09.13-05.22.17:317][  0]LogConfig: Setting CVar [[r.DOF.TemporalAAQuality:1                ; more stable temporal accumulation]]
[2021.09.13-05.22.17:317][  0]LogConfig: Setting CVar [[r.DOF.Kernel.MaxForegroundRadius:0.025]]
[2021.09.13-05.22.17:317][  0]LogConfig: Setting CVar [[r.DOF.Kernel.MaxBackgroundRadius:0.025]]
[2021.09.13-05.22.17:317][  0]LogConfig: Applying CVar settings from Section [TextureQuality@3] File [D:/Epic Games/Group-3/Group_3_Project_1/Saved/Config/Windows/Scalability.ini]
[2021.09.13-05.22.17:317][  0]LogConfig: Setting CVar [[r.Streaming.MipBias:0]]
[2021.09.13-05.22.17:317][  0]LogConfig: Setting CVar [[r.Streaming.AmortizeCPUToGPUCopy:0]]
[2021.09.13-05.22.17:317][  0]LogConfig: Setting CVar [[r.Streaming.MaxNumTexturesToStreamPerFrame:0]]
[2021.09.13-05.22.17:317][  0]LogConfig: Setting CVar [[r.Streaming.Boost:1]]
[2021.09.13-05.22.17:317][  0]LogConfig: Setting CVar [[r.MaxAnisotropy:8]]
[2021.09.13-05.22.17:317][  0]LogConfig: Setting CVar [[r.VT.MaxAnisotropy:8]]
[2021.09.13-05.22.17:317][  0]LogConfig: Setting CVar [[r.Streaming.LimitPoolSizeToVRAM:0]]
[2021.09.13-05.22.17:317][  0]LogConfig: Setting CVar [[r.Streaming.PoolSize:1000]]
[2021.09.13-05.22.17:317][  0]LogConfig: Setting CVar [[r.Streaming.MaxEffectiveScreenSize:0]]
[2021.09.13-05.22.17:317][  0]LogConfig: Applying CVar settings from Section [EffectsQuality@3] File [D:/Epic Games/Group-3/Group_3_Project_1/Saved/Config/Windows/Scalability.ini]
[2021.09.13-05.22.17:317][  0]LogConfig: Setting CVar [[r.TranslucencyLightingVolumeDim:64]]
[2021.09.13-05.22.17:317][  0]LogConfig: Setting CVar [[r.RefractionQuality:2]]
[2021.09.13-05.22.17:317][  0]LogConfig: Setting CVar [[r.SSR.Quality:3]]
[2021.09.13-05.22.17:317][  0]LogConfig: Setting CVar [[r.SSR.HalfResSceneColor:0]]
[2021.09.13-05.22.17:317][  0]LogConfig: Setting CVar [[r.SceneColorFormat:4]]
[2021.09.13-05.22.17:317][  0]LogConfig: Setting CVar [[r.DetailMode:2]]
[2021.09.13-05.22.17:317][  0]LogConfig: Setting CVar [[r.TranslucencyVolumeBlur:1]]
[2021.09.13-05.22.17:317][  0]LogConfig: Setting CVar [[r.MaterialQualityLevel:1 ; High quality]]
[2021.09.13-05.22.17:317][  0]LogConfig: Setting CVar [[r.AnisotropicMaterials:1]]
[2021.09.13-05.22.17:317][  0]LogConfig: Setting CVar [[r.SSS.Scale:1]]
[2021.09.13-05.22.17:317][  0]LogConfig: Setting CVar [[r.SSS.SampleSet:2]]
[2021.09.13-05.22.17:317][  0]LogConfig: Setting CVar [[r.SSS.Quality:1]]
[2021.09.13-05.22.17:317][  0]LogConfig: Setting CVar [[r.SSS.HalfRes:0]]
[2021.09.13-05.22.17:317][  0]LogConfig: Setting CVar [[r.SSGI.Quality:3]]
[2021.09.13-05.22.17:317][  0]LogConfig: Setting CVar [[r.EmitterSpawnRateScale:1.0]]
[2021.09.13-05.22.17:317][  0]LogConfig: Setting CVar [[r.ParticleLightQuality:2]]
[2021.09.13-05.22.17:317][  0]LogConfig: Setting CVar [[r.SkyAtmosphere.AerialPerspectiveLUT.FastApplyOnOpaque:1 ; Always have FastSkyLUT 1 in this case to avoid wrong sky]]
[2021.09.13-05.22.17:317][  0]LogConfig: Setting CVar [[r.SkyAtmosphere.AerialPerspectiveLUT.SampleCountMaxPerSlice:4]]
[2021.09.13-05.22.17:317][  0]LogConfig: Setting CVar [[r.SkyAtmosphere.AerialPerspectiveLUT.DepthResolution:16.0]]
[2021.09.13-05.22.17:317][  0]LogConfig: Setting CVar [[r.SkyAtmosphere.FastSkyLUT:1]]
[2021.09.13-05.22.17:317][  0]LogConfig: Setting CVar [[r.SkyAtmosphere.FastSkyLUT.SampleCountMin:4.0]]
[2021.09.13-05.22.17:317][  0]LogConfig: Setting CVar [[r.SkyAtmosphere.FastSkyLUT.SampleCountMax:128.0]]
[2021.09.13-05.22.17:317][  0]LogConfig: Setting CVar [[r.SkyAtmosphere.SampleCountMin:4.0]]
[2021.09.13-05.22.17:317][  0]LogConfig: Setting CVar [[r.SkyAtmosphere.SampleCountMax:128.0]]
[2021.09.13-05.22.17:317][  0]LogConfig: Setting CVar [[r.SkyAtmosphere.TransmittanceLUT.UseSmallFormat:0]]
[2021.09.13-05.22.17:317][  0]LogConfig: Setting CVar [[r.SkyAtmosphere.TransmittanceLUT.SampleCount:10.0]]
[2021.09.13-05.22.17:317][  0]LogConfig: Setting CVar [[r.SkyAtmosphere.MultiScatteringLUT.SampleCount:15.0]]
[2021.09.13-05.22.17:317][  0]LogConfig: Setting CVar [[r.SkyLight.RealTimeReflectionCapture:1]]
[2021.09.13-05.22.17:317][  0]LogConfig: Applying CVar settings from Section [FoliageQuality@3] File [D:/Epic Games/Group-3/Group_3_Project_1/Saved/Config/Windows/Scalability.ini]
[2021.09.13-05.22.17:317][  0]LogConfig: Setting CVar [[foliage.DensityScale:1.0]]
[2021.09.13-05.22.17:317][  0]LogConfig: Setting CVar [[grass.DensityScale:1.0]]
[2021.09.13-05.22.17:317][  0]LogConfig: Applying CVar settings from Section [ShadingQuality@3] File [D:/Epic Games/Group-3/Group_3_Project_1/Saved/Config/Windows/Scalability.ini]
[2021.09.13-05.22.17:317][  0]LogConfig: Setting CVar [[r.HairStrands.SkyLighting.IntegrationType:2]]
[2021.09.13-05.22.17:317][  0]LogConfig: Setting CVar [[r.HairStrands.SkyAO.SampleCount:4]]
[2021.09.13-05.22.17:317][  0]LogConfig: Setting CVar [[r.HairStrands.Visibility.MSAA.SamplePerPixel:4]]
[2021.09.13-05.22.17:317][  0]LogInit: Selected Device Profile: [Windows]
[2021.09.13-05.22.17:317][  0]LogInit: Applying CVar settings loaded from the selected device profile: [Windows]
[2021.09.13-05.22.17:317][  0]LogHAL: Display: Platform has ~ 32 GB [34222772224 / 34359738368 / 32], which maps to Largest [LargestMinGB=32, LargerMinGB=12, DefaultMinGB=8, SmallerMinGB=6, SmallestMinGB=0)
[2021.09.13-05.22.17:317][  0]LogInit: Going up to parent DeviceProfile []
[2021.09.13-05.22.17:317][  0]LogConfig: Applying CVar settings from Section [ViewDistanceQuality@3] File [D:/Epic Games/Group-3/Group_3_Project_1/Saved/Config/Windows/Scalability.ini]
[2021.09.13-05.22.17:317][  0]LogConfig: Setting CVar [[r.SkeletalMeshLODBias:0]]
[2021.09.13-05.22.17:317][  0]LogConfig: Setting CVar [[r.ViewDistanceScale:1.0]]
[2021.09.13-05.22.17:317][  0]LogConfig: Applying CVar settings from Section [AntiAliasingQuality@3] File [D:/Epic Games/Group-3/Group_3_Project_1/Saved/Config/Windows/Scalability.ini]
[2021.09.13-05.22.17:317][  0]LogConfig: Setting CVar [[r.PostProcessAAQuality:4]]
[2021.09.13-05.22.17:317][  0]LogConfig: Applying CVar settings from Section [ShadowQuality@3] File [D:/Epic Games/Group-3/Group_3_Project_1/Saved/Config/Windows/Scalability.ini]
[2021.09.13-05.22.17:317][  0]LogConfig: Setting CVar [[r.LightFunctionQuality:1]]
[2021.09.13-05.22.17:317][  0]LogConfig: Setting CVar [[r.ShadowQuality:5]]
[2021.09.13-05.22.17:317][  0]LogConfig: Setting CVar [[r.Shadow.CSM.MaxCascades:10]]
[2021.09.13-05.22.17:317][  0]LogConfig: Setting CVar [[r.Shadow.MaxResolution:2048]]
[2021.09.13-05.22.17:317][  0]LogConfig: Setting CVar [[r.Shadow.MaxCSMResolution:2048]]
[2021.09.13-05.22.17:317][  0]LogConfig: Setting CVar [[r.Shadow.RadiusThreshold:0.01]]
[2021.09.13-05.22.17:317][  0]LogConfig: Setting CVar [[r.Shadow.DistanceScale:1.0]]
[2021.09.13-05.22.17:317][  0]LogConfig: Setting CVar [[r.Shadow.CSM.TransitionScale:1.0]]
[2021.09.13-05.22.17:317][  0]LogConfig: Setting CVar [[r.Shadow.PreShadowResolutionFactor:1.0]]
[2021.09.13-05.22.17:317][  0]LogConfig: Setting CVar [[r.DistanceFieldShadowing:1]]
[2021.09.13-05.22.17:317][  0]LogConfig: Setting CVar [[r.DistanceFieldAO:1]]
[2021.09.13-05.22.17:317][  0]LogConfig: Setting CVar [[r.AOQuality:2]]
[2021.09.13-05.22.17:317][  0]LogConfig: Setting CVar [[r.VolumetricFog:1]]
[2021.09.13-05.22.17:317][  0]LogConfig: Setting CVar [[r.VolumetricFog.GridPixelSize:8]]
[2021.09.13-05.22.17:317][  0]LogConfig: Setting CVar [[r.VolumetricFog.GridSizeZ:128]]
[2021.09.13-05.22.17:317][  0]LogConfig: Setting CVar [[r.VolumetricFog.HistoryMissSupersampleCount:4]]
[2021.09.13-05.22.17:317][  0]LogConfig: Setting CVar [[r.LightMaxDrawDistanceScale:1]]
[2021.09.13-05.22.17:317][  0]LogConfig: Setting CVar [[r.CapsuleShadows:1]]
[2021.09.13-05.22.17:317][  0]LogConfig: Applying CVar settings from Section [PostProcessQuality@3] File [D:/Epic Games/Group-3/Group_3_Project_1/Saved/Config/Windows/Scalability.ini]
[2021.09.13-05.22.17:317][  0]LogConfig: Setting CVar [[r.MotionBlurQuality:4]]
[2021.09.13-05.22.17:317][  0]LogConfig: Setting CVar [[r.AmbientOcclusionMipLevelFactor:0.4]]
[2021.09.13-05.22.17:317][  0]LogConfig: Setting CVar [[r.AmbientOcclusionMaxQuality:100]]
[2021.09.13-05.22.17:317][  0]LogConfig: Setting CVar [[r.AmbientOcclusionLevels:-1]]
[2021.09.13-05.22.17:317][  0]LogConfig: Setting CVar [[r.AmbientOcclusionRadiusScale:1.0]]
[2021.09.13-05.22.17:317][  0]LogConfig: Setting CVar [[r.DepthOfFieldQuality:2]]
[2021.09.13-05.22.17:317][  0]LogConfig: Setting CVar [[r.RenderTargetPoolMin:400]]
[2021.09.13-05.22.17:317][  0]LogConfig: Setting CVar [[r.LensFlareQuality:2]]
[2021.09.13-05.22.17:317][  0]LogConfig: Setting CVar [[r.SceneColorFringeQuality:1]]
[2021.09.13-05.22.17:317][  0]LogConfig: Setting CVar [[r.EyeAdaptationQuality:2]]
[2021.09.13-05.22.17:317][  0]LogConfig: Setting CVar [[r.BloomQuality:5]]
[2021.09.13-05.22.17:317][  0]LogConfig: Setting CVar [[r.FastBlurThreshold:100]]
[2021.09.13-05.22.17:317][  0]LogConfig: Setting CVar [[r.Upscale.Quality:3]]
[2021.09.13-05.22.17:317][  0]LogConfig: Setting CVar [[r.Tonemapper.GrainQuantization:1]]
[2021.09.13-05.22.17:317][  0]LogConfig: Setting CVar [[r.LightShaftQuality:1]]
[2021.09.13-05.22.17:317][  0]LogConfig: Setting CVar [[r.Filter.SizeScale:1]]
[2021.09.13-05.22.17:317][  0]LogConfig: Setting CVar [[r.Tonemapper.Quality:5]]
[2021.09.13-05.22.17:318][  0]LogConfig: Setting CVar [[r.DOF.Gather.AccumulatorQuality:1        ; higher gathering accumulator quality]]
[2021.09.13-05.22.17:318][  0]LogConfig: Setting CVar [[r.DOF.Gather.PostfilterMethod:1          ; Median3x3 postfilering method]]
[2021.09.13-05.22.17:318][  0]LogConfig: Setting CVar [[r.DOF.Gather.EnableBokehSettings:0       ; no bokeh simulation when gathering]]
[2021.09.13-05.22.17:318][  0]LogConfig: Setting CVar [[r.DOF.Gather.RingCount:4                 ; medium number of samples when gathering]]
[2021.09.13-05.22.17:318][  0]LogConfig: Setting CVar [[r.DOF.Scatter.ForegroundCompositing:1    ; additive foreground scattering]]
[2021.09.13-05.22.17:318][  0]LogConfig: Setting CVar [[r.DOF.Scatter.BackgroundCompositing:2    ; additive background scattering]]
[2021.09.13-05.22.17:318][  0]LogConfig: Setting CVar [[r.DOF.Scatter.EnableBokehSettings:1      ; bokeh simulation when scattering]]
[2021.09.13-05.22.17:318][  0]LogConfig: Setting CVar [[r.DOF.Scatter.MaxSpriteRatio:0.1         ; only a maximum of 10% of scattered bokeh]]
[2021.09.13-05.22.17:318][  0]LogConfig: Setting CVar [[r.DOF.Recombine.Quality:1                ; cheap slight out of focus]]
[2021.09.13-05.22.17:318][  0]LogConfig: Setting CVar [[r.DOF.Recombine.EnableBokehSettings:0    ; no bokeh simulation on slight out of focus]]
[2021.09.13-05.22.17:318][  0]LogConfig: Setting CVar [[r.DOF.TemporalAAQuality:1                ; more stable temporal accumulation]]
[2021.09.13-05.22.17:318][  0]LogConfig: Setting CVar [[r.DOF.Kernel.MaxForegroundRadius:0.025]]
[2021.09.13-05.22.17:318][  0]LogConfig: Setting CVar [[r.DOF.Kernel.MaxBackgroundRadius:0.025]]
[2021.09.13-05.22.17:318][  0]LogConfig: Applying CVar settings from Section [TextureQuality@3] File [D:/Epic Games/Group-3/Group_3_Project_1/Saved/Config/Windows/Scalability.ini]
[2021.09.13-05.22.17:318][  0]LogConfig: Setting CVar [[r.Streaming.MipBias:0]]
[2021.09.13-05.22.17:318][  0]LogConfig: Setting CVar [[r.Streaming.AmortizeCPUToGPUCopy:0]]
[2021.09.13-05.22.17:318][  0]LogConfig: Setting CVar [[r.Streaming.MaxNumTexturesToStreamPerFrame:0]]
[2021.09.13-05.22.17:318][  0]LogConfig: Setting CVar [[r.Streaming.Boost:1]]
[2021.09.13-05.22.17:318][  0]LogConfig: Setting CVar [[r.MaxAnisotropy:8]]
[2021.09.13-05.22.17:318][  0]LogConfig: Setting CVar [[r.VT.MaxAnisotropy:8]]
[2021.09.13-05.22.17:318][  0]LogConfig: Setting CVar [[r.Streaming.LimitPoolSizeToVRAM:0]]
[2021.09.13-05.22.17:318][  0]LogConfig: Setting CVar [[r.Streaming.PoolSize:1000]]
[2021.09.13-05.22.17:318][  0]LogConfig: Setting CVar [[r.Streaming.MaxEffectiveScreenSize:0]]
[2021.09.13-05.22.17:318][  0]LogConfig: Applying CVar settings from Section [EffectsQuality@3] File [D:/Epic Games/Group-3/Group_3_Project_1/Saved/Config/Windows/Scalability.ini]
[2021.09.13-05.22.17:318][  0]LogConfig: Setting CVar [[r.TranslucencyLightingVolumeDim:64]]
[2021.09.13-05.22.17:318][  0]LogConfig: Setting CVar [[r.RefractionQuality:2]]
[2021.09.13-05.22.17:318][  0]LogConfig: Setting CVar [[r.SSR.Quality:3]]
[2021.09.13-05.22.17:318][  0]LogConfig: Setting CVar [[r.SSR.HalfResSceneColor:0]]
[2021.09.13-05.22.17:318][  0]LogConfig: Setting CVar [[r.SceneColorFormat:4]]
[2021.09.13-05.22.17:318][  0]LogConfig: Setting CVar [[r.DetailMode:2]]
[2021.09.13-05.22.17:318][  0]LogConfig: Setting CVar [[r.TranslucencyVolumeBlur:1]]
[2021.09.13-05.22.17:318][  0]LogConfig: Setting CVar [[r.MaterialQualityLevel:1 ; High quality]]
[2021.09.13-05.22.17:318][  0]LogConfig: Setting CVar [[r.AnisotropicMaterials:1]]
[2021.09.13-05.22.17:318][  0]LogConfig: Setting CVar [[r.SSS.Scale:1]]
[2021.09.13-05.22.17:318][  0]LogConfig: Setting CVar [[r.SSS.SampleSet:2]]
[2021.09.13-05.22.17:318][  0]LogConfig: Setting CVar [[r.SSS.Quality:1]]
[2021.09.13-05.22.17:318][  0]LogConfig: Setting CVar [[r.SSS.HalfRes:0]]
[2021.09.13-05.22.17:318][  0]LogConfig: Setting CVar [[r.SSGI.Quality:3]]
[2021.09.13-05.22.17:318][  0]LogConfig: Setting CVar [[r.EmitterSpawnRateScale:1.0]]
[2021.09.13-05.22.17:318][  0]LogConfig: Setting CVar [[r.ParticleLightQuality:2]]
[2021.09.13-05.22.17:318][  0]LogConfig: Setting CVar [[r.SkyAtmosphere.AerialPerspectiveLUT.FastApplyOnOpaque:1 ; Always have FastSkyLUT 1 in this case to avoid wrong sky]]
[2021.09.13-05.22.17:318][  0]LogConfig: Setting CVar [[r.SkyAtmosphere.AerialPerspectiveLUT.SampleCountMaxPerSlice:4]]
[2021.09.13-05.22.17:318][  0]LogConfig: Setting CVar [[r.SkyAtmosphere.AerialPerspectiveLUT.DepthResolution:16.0]]
[2021.09.13-05.22.17:318][  0]LogConfig: Setting CVar [[r.SkyAtmosphere.FastSkyLUT:1]]
[2021.09.13-05.22.17:318][  0]LogConfig: Setting CVar [[r.SkyAtmosphere.FastSkyLUT.SampleCountMin:4.0]]
[2021.09.13-05.22.17:318][  0]LogConfig: Setting CVar [[r.SkyAtmosphere.FastSkyLUT.SampleCountMax:128.0]]
[2021.09.13-05.22.17:318][  0]LogConfig: Setting CVar [[r.SkyAtmosphere.SampleCountMin:4.0]]
[2021.09.13-05.22.17:318][  0]LogConfig: Setting CVar [[r.SkyAtmosphere.SampleCountMax:128.0]]
[2021.09.13-05.22.17:318][  0]LogConfig: Setting CVar [[r.SkyAtmosphere.TransmittanceLUT.UseSmallFormat:0]]
[2021.09.13-05.22.17:318][  0]LogConfig: Setting CVar [[r.SkyAtmosphere.TransmittanceLUT.SampleCount:10.0]]
[2021.09.13-05.22.17:318][  0]LogConfig: Setting CVar [[r.SkyAtmosphere.MultiScatteringLUT.SampleCount:15.0]]
[2021.09.13-05.22.17:318][  0]LogConfig: Setting CVar [[r.SkyLight.RealTimeReflectionCapture:1]]
[2021.09.13-05.22.17:318][  0]LogConfig: Applying CVar settings from Section [FoliageQuality@3] File [D:/Epic Games/Group-3/Group_3_Project_1/Saved/Config/Windows/Scalability.ini]
[2021.09.13-05.22.17:318][  0]LogConfig: Setting CVar [[foliage.DensityScale:1.0]]
[2021.09.13-05.22.17:318][  0]LogConfig: Setting CVar [[grass.DensityScale:1.0]]
[2021.09.13-05.22.17:318][  0]LogConfig: Applying CVar settings from Section [ShadingQuality@3] File [D:/Epic Games/Group-3/Group_3_Project_1/Saved/Config/Windows/Scalability.ini]
[2021.09.13-05.22.17:318][  0]LogConfig: Setting CVar [[r.HairStrands.SkyLighting.IntegrationType:2]]
[2021.09.13-05.22.17:318][  0]LogConfig: Setting CVar [[r.HairStrands.SkyAO.SampleCount:4]]
[2021.09.13-05.22.17:318][  0]LogConfig: Setting CVar [[r.HairStrands.Visibility.MSAA.SamplePerPixel:4]]
[2021.09.13-05.22.17:318][  0]LogConfig: Applying CVar settings from Section [Startup] File [../../../Engine/Config/ConsoleVariables.ini]
[2021.09.13-05.22.17:319][  0]LogConfig: Setting CVar [[net.UseAdaptiveNetUpdateFrequency:0]]
[2021.09.13-05.22.17:319][  0]LogConfig: Setting CVar [[p.chaos.AllowCreatePhysxBodies:1]]
[2021.09.13-05.22.17:319][  0]LogConfig: Setting CVar [[fx.SkipVectorVMBackendOptimizations:1]]
[2021.09.13-05.22.17:319][  0]LogConfig: Applying CVar settings from Section [ConsoleVariables] File [D:/Epic Games/Group-3/Group_3_Project_1/Saved/Config/Windows/Engine.ini]
[2021.09.13-05.22.17:319][  0]LogConfig: Applying CVar settings from Section [ConsoleVariables] File [D:/Epic Games/Group-3/Group_3_Project_1/Saved/Config/Windows/Editor.ini]
[2021.09.13-05.22.17:319][  0]LogInit: Computer: DESKTOP-K7PL792
[2021.09.13-05.22.17:319][  0]LogInit: User: Gianni
[2021.09.13-05.22.17:319][  0]LogInit: CPU Page size=4096, Cores=6
[2021.09.13-05.22.17:319][  0]LogInit: High frequency timer resolution =10.000000 MHz
[2021.09.13-05.22.17:319][  0]LogMemory: Memory total: Physical=31.9GB (32GB approx)
[2021.09.13-05.22.17:319][  0]LogMemory: Platform Memory Stats for Windows
[2021.09.13-05.22.17:319][  0]LogMemory: Process Physical Memory: 146.29 MB used, 146.29 MB peak
[2021.09.13-05.22.17:319][  0]LogMemory: Process Virtual Memory: 123.69 MB used, 123.69 MB peak
[2021.09.13-05.22.17:319][  0]LogMemory: Physical Memory: 8454.37 MB used,  24183.01 MB free, 32637.38 MB total
[2021.09.13-05.22.17:319][  0]LogMemory: Virtual Memory: 134191944.00 MB used,  25781.50 MB free, 134217728.00 MB total
[2021.09.13-05.22.17:323][  0]LogWindows: WindowsPlatformFeatures enabled
[2021.09.13-05.22.17:355][  0]LogInit: Physics initialised using underlying interface: PhysX
[2021.09.13-05.22.17:355][  0]LogInit: Using OS detected language (en-US).
[2021.09.13-05.22.17:355][  0]LogInit: Using OS detected locale (en-US).
[2021.09.13-05.22.17:357][  0]LogTextLocalizationManager: No specific localization for 'en-US' exists, so the 'en' localization will be used.
[2021.09.13-05.22.17:511][  0]LogWindowsTextInputMethodSystem: Display: IME system deactivated.
[2021.09.13-05.22.17:534][  0]LogSlate: New Slate User Created.  User Index 0, Is Virtual User: 0
[2021.09.13-05.22.17:534][  0]LogSlate: Slate User Registered.  User Index 0, Is Virtual User: 0
[2021.09.13-05.22.17:556][  0]LogD3D11RHI: Loaded GFSDK_Aftermath_Lib.x64.dll
[2021.09.13-05.22.17:558][  0]LogHMD: Failed to initialize OpenVR with code 110
[2021.09.13-05.22.17:558][  0]LogD3D11RHI: D3D11 min allowed feature level: 11_0
[2021.09.13-05.22.17:558][  0]LogD3D11RHI: D3D11 max allowed feature level: 11_0
[2021.09.13-05.22.17:558][  0]LogD3D11RHI: D3D11 adapters:
[2021.09.13-05.22.17:636][  0]LogD3D11RHI:    0. 'NVIDIA GeForce GTX 1060 3GB' (Feature Level 11_0)
[2021.09.13-05.22.17:636][  0]LogD3D11RHI:       2988/0/16318 MB DedicatedVideo/DedicatedSystem/SharedSystem, Outputs:2, VendorId:0x10de
[2021.09.13-05.22.17:638][  0]LogD3D11RHI:    1. 'Microsoft Basic Render Driver' (Feature Level 11_0)
[2021.09.13-05.22.17:638][  0]LogD3D11RHI:       0/0/16318 MB DedicatedVideo/DedicatedSystem/SharedSystem, Outputs:0, VendorId:0x1414
[2021.09.13-05.22.17:638][  0]LogD3D11RHI: Chosen D3D11 Adapter: 0
[2021.09.13-05.22.17:642][  0]LogD3D11RHI: Creating new Direct3DDevice
[2021.09.13-05.22.17:642][  0]LogD3D11RHI:     GPU DeviceId: 0x1c02 (for the marketing name, search the web for "GPU Device Id")
[2021.09.13-05.22.17:642][  0]LogWindows: EnumDisplayDevices:
[2021.09.13-05.22.17:642][  0]LogWindows:    0. 'NVIDIA GeForce GTX 1060 3GB' (P:1 D:1)
[2021.09.13-05.22.17:642][  0]LogWindows:    1. 'NVIDIA GeForce GTX 1060 3GB' (P:0 D:1)
[2021.09.13-05.22.17:642][  0]LogWindows:    2. 'NVIDIA GeForce GTX 1060 3GB' (P:0 D:0)
[2021.09.13-05.22.17:642][  0]LogWindows:    3. 'NVIDIA GeForce GTX 1060 3GB' (P:0 D:0)
[2021.09.13-05.22.17:643][  0]LogWindows: DebugString: FoundDriverCount:4 
[2021.09.13-05.22.17:643][  0]LogD3D11RHI:     Adapter Name: NVIDIA GeForce GTX 1060 3GB
[2021.09.13-05.22.17:643][  0]LogD3D11RHI:   Driver Version: 471.41 (internal:30.0.14.7141, unified:471.41)
[2021.09.13-05.22.17:643][  0]LogD3D11RHI:      Driver Date: 7-12-2021
[2021.09.13-05.22.17:643][  0]LogRHI: Texture pool is 2091 MB (70% of 2988 MB)
[2021.09.13-05.22.17:702][  0]LogD3D11RHI: RHI has support for 64 bit atomics
[2021.09.13-05.22.17:702][  0]LogD3D11RHI: Async texture creation enabled
[2021.09.13-05.22.17:702][  0]LogD3D11RHI: Array index from any shader is supported
[2021.09.13-05.22.17:722][  0]LogD3D11RHI: GPU Timing Frequency: 1000.000000 (Debug: 2 1)
[2021.09.13-05.22.17:751][  0]LogRHI: GeForceNow SDK initialized: 1
[2021.09.13-05.22.17:971][  0]LogTargetPlatformManager: Display: Loaded TargetPlatform 'WindowsNoEditor'
[2021.09.13-05.22.17:975][  0]LogTargetPlatformManager: Display: Loaded TargetPlatform 'Windows'
[2021.09.13-05.22.17:979][  0]LogTargetPlatformManager: Display: Loaded TargetPlatform 'WindowsClient'
[2021.09.13-05.22.17:983][  0]LogTargetPlatformManager: Display: Loaded TargetPlatform 'WindowsServer'
[2021.09.13-05.22.17:983][  0]LogTargetPlatformManager: Display: Building Assets For Windows
[2021.09.13-05.22.17:988][  0]LogAudioDebug: Display: Lib vorbis DLL was dynamically loaded.
[2021.09.13-05.22.18:012][  0]LogTextureFormatOodle: Display: Oodle Texture 2.9.0 init RDO Off
[2021.09.13-05.22.18:035][  0]LogRendererCore: Ray tracing is disabled. Reason: r.RayTracing=0.
[2021.09.13-05.22.18:035][  0]LogShaderCompilers: Guid format shader working directory is 7 characters bigger than the processId version (D:/Epic Games/Group-3/Group_3_Project_1/Intermediate/Shaders/WorkingDirectory/8500/).
[2021.09.13-05.22.18:035][  0]LogShaderCompilers: Cleaned the shader compiler working directory 'C:/Users/giman/AppData/Local/Temp/UnrealShaderWorkingDir/7A9A1849414266EC428CAE8824CFD928/'.
[2021.09.13-05.22.18:035][  0]LogXGEController: Cannot use XGE Controller as Incredibuild is not installed on this machine.
[2021.09.13-05.22.18:035][  0]LogShaderCompilers: Cannot use XGE Shader Compiler as Incredibuild is not installed on this machine.
[2021.09.13-05.22.18:035][  0]LogShaderCompilers: Display: Using Local Shader Compiler.
[2021.09.13-05.22.18:666][  0]LogDerivedDataCache: Display: Max Cache Size: 512 MB
[2021.09.13-05.22.18:714][  0]LogDerivedDataCache: Loaded boot cache 0.05s 95MB C:/Users/giman/AppData/Local/UnrealEngine/4.27/DerivedDataCache/Boot.ddc.
[2021.09.13-05.22.18:714][  0]LogDerivedDataCache: Display: Loaded Boot cache: C:/Users/giman/AppData/Local/UnrealEngine/4.27/DerivedDataCache/Boot.ddc
[2021.09.13-05.22.18:714][  0]LogDerivedDataCache: FDerivedDataBackendGraph:  Pak pak cache file D:/Epic Games/Group-3/Group_3_Project_1/DerivedDataCache/DDC.ddp not found, will not use a pak cache.
[2021.09.13-05.22.18:714][  0]LogDerivedDataCache: Unable to find inner node Pak for hierarchical cache Hierarchy.
[2021.09.13-05.22.18:714][  0]LogDerivedDataCache: FDerivedDataBackendGraph:  CompressedPak pak cache file D:/Epic Games/Group-3/Group_3_Project_1/DerivedDataCache/Compressed.ddp not found, will not use a pak cache.
[2021.09.13-05.22.18:714][  0]LogDerivedDataCache: Unable to find inner node CompressedPak for hierarchical cache Hierarchy.
[2021.09.13-05.22.18:727][  0]LogDerivedDataCache: Display: Pak cache opened for reading ../../../Engine/DerivedDataCache/Compressed.ddp.
[2021.09.13-05.22.18:727][  0]LogDerivedDataCache: FDerivedDataBackendGraph:  EnterprisePak pak cache file ../../../Enterprise/DerivedDataCache/Compressed.ddp not found, will not use a pak cache.
[2021.09.13-05.22.18:727][  0]LogDerivedDataCache: Unable to find inner node EnterprisePak for hierarchical cache Hierarchy.
[2021.09.13-05.22.18:734][  0]LogDerivedDataCache: Speed tests for C:/Users/giman/AppData/Local/UnrealEngine/Common/DerivedDataCache took 0.01 seconds
[2021.09.13-05.22.18:734][  0]LogDerivedDataCache: Display: Performance to C:/Users/giman/AppData/Local/UnrealEngine/Common/DerivedDataCache: Latency=0.02ms. RandomReadSpeed=379.62MBs, RandomWriteSpeed=268.21MBs. Assigned SpeedClass 'Local'
[2021.09.13-05.22.18:734][  0]LogDerivedDataCache: Using Local data cache path C:/Users/giman/AppData/Local/UnrealEngine/Common/DerivedDataCache: Writable
[2021.09.13-05.22.18:734][  0]LogDerivedDataCache: Shared data cache path not found in *engine.ini, will not use an Shared cache.
[2021.09.13-05.22.18:734][  0]LogDerivedDataCache: Unable to find inner node Shared for hierarchical cache Hierarchy.
[2021.09.13-05.22.18:763][  0]LogSlate: Using FreeType 2.10.0
[2021.09.13-05.22.18:764][  0]LogSlate: SlateFontServices - WITH_FREETYPE: 1, WITH_HARFBUZZ: 1
[2021.09.13-05.22.18:822][  0]LogInit: Using OS detected language (en-US).
[2021.09.13-05.22.18:822][  0]LogInit: Using OS detected locale (en-US).
[2021.09.13-05.22.18:822][  0]LogTextLocalizationManager: No localization for 'en-US' exists, so 'en' will be used for the language.
[2021.09.13-05.22.18:822][  0]LogTextLocalizationManager: No localization for 'en-US' exists, so 'en' will be used for the locale.
[2021.09.13-05.22.18:822][  0]LogSlate: FontCache flush requested. Reason: Culture for localization was changed
[2021.09.13-05.22.18:822][  0]LogSlate: FontCache flush requested. Reason: Culture for localization was changed
[2021.09.13-05.22.18:825][  0]LogTextLocalizationManager: Compacting localization data took   0.00ms
[2021.09.13-05.22.18:825][  0]LogAssetRegistry: FAssetRegistry took 0.0017 seconds to start up
[2021.09.13-05.22.18:953][  0]LogPackageLocalizationCache: Processed 27 localized package path(s) for 1 prioritized culture(s) in 0.000946 seconds
[2021.09.13-05.22.19:005][  0]LogInit: Selected Device Profile: [Windows]
[2021.09.13-05.22.19:005][  0]LogInit: Active device profile: [0000025613C7AD00][000002560CB32CC0 49] Windows
[2021.09.13-05.22.19:005][  0]LogInit: Profiles: [0000025613C7AD00][000002560CB32CC0 49] Windows, [0000025613C25F00][000002560CB3AE40 49] WindowsNoEditor, [0000025613C7BE00][000002560CB3EFC0 49] WindowsServer, [0000025613C25200][000002560CB43140 49] WindowsClient, [0000025613C79600][000002560CB472C0 49] IOS, [0000025613C27300][000002560CB37400 49] iPadAir, [0000025613C7A800][000002560CB4B540 49] iPadAir2, [0000025613BCD300][000002560CDC97C0 49] IPadPro, [0000025613BCD400][000002560CB4F800 49] iPadAir3, [0000025613C27200][000002560CDCD980 49] iPadAir4, [0000025613BCE100][000002560CDD1B00 49] iPadMini2, [0000025613C25B00][000002560CDD4100 49] iPadMini3, [0000025613BCEC00][000002560CDD8280 49] iPadMini4, [0000025613C26300][000002560CDDC400 49] iPadMini5, [0000025613BDCD00][000002560CDE46C0 49] iPhone6, [0000025613BDCE00][000002560CDE0700 49] iPodTouch6, [0000025613C78A00][000002560CDEC9C0 49] iPhone7, [0000025613C79A00][000002560CDE8A00 49] iPodTouch7, [0000025613BCCC00][000002560CDF0B80 49] iPhone5S, [0000025613C7AA00][000002560CDF4D00 49] iPhone6Plus, [0000025613BCEE00][000002560CDF8E80 49] iPhone6S, [0000025613BDC100][000002560CDFD000 49] iPhone6SPlus, [0000025613C7B900][000002560CE01180 49] iPhone7Plus, [0000025613BDC700][000002560CE05300 49] iPhoneSE, [0000025613C7A300][000002560CE09480 49] iPhone8, [0000025613BCD500][000002560CB535C0 49] iPhone8Plus, [0000025613BDD700][000002560CE0D700 49] iPhoneX, [0000025613BCD100][000002560CE11840 49] iPhoneXS, [0000025613BDC200][000002560CE199C0 49] iPhoneXSMax, [0000025613BCD000][000002560CE1DB40 49] iPhoneXR, [0000025613BDDE00][000002560CE20140 49] iPhone11, [0000025613C79500][000002560CE242C0 49] iPhone11Pro, [0000025613BDD200][000002560CE28440 49] iPhone11ProMax, [0000025613C7B000][000002560CE2C5C0 49] iPhoneSE2, [0000025613BDEF00][000002560CE30740 49] iPhone12Mini, [0000025613C79900][000002560CE348C0 49] iPhone12, [0000025613BDF200][000002560CE38A40 49] iPhone12Pro, [0000025613C7B700][000002560CE3CBC0 49] iPhone12ProMax, [0000025613BDDA00][000002560CE40D40 49] iPadPro105, [0000025613C78E00][000002560CE44EC0 49] iPadPro129, [0000025613BDD400][000002560CE49040 49] iPadPro97, [0000025613C79100][000002560CE4D1C0 49] iPadPro2_129, [0000025613BDD600][000002560CE51340 49] iPad5, [0000025613C79B00][000002560CE554C0 49] iPad6, [0000025613BDE800][000002560CE59640 49] iPad7, [0000025613C78F00][000002560CE15780 49] iPad8, [0000025613BDF000][000002560CE5D8C0 49] iPadPro11, [0000025613C79300][000002560CE61A00 49] iPadPro2_11, [0000025613BDFB00][000002560CE65B40 49] iPadPro3_129, [0000025613C7B800][000002560CE6C140 49] iPadPro4_129, [0000025613BDF600][000002560D85E2C0 49] AppleTV, [0000025613C78800][000002560D862440 49] AppleTV4K, [0000025613BDD000][000002560D8665C0 49] TVOS, [0000025613C7B500][000002560D86A740 49] Mac, [0000025613BDF100][000002560D86E8C0 49] MacClient, [0000025613C7B400][000002560D872A40 49] MacNoEditor, [0000025613BDE100][000002560D876BC0 49] MacServer, [0000025613C79800][000002560D87AD40 49] Linux, [0000025613BDEB00][000002560D87EEC0 49] LinuxAArch64, [0000025613C79E00][000002560D883040 49] LinuxNoEditor, [0000025613BDFE00][000002560D8871C0 49] LinuxAArch64NoEditor, [0000025613C79200][000002560D88B340 49] LinuxClient, [0000025613BDC900][000002560D88F4C0 49] LinuxAArch64Client, [0000025613C7B600][000002560D893640 49] LinuxServer, [0000025613BDC600][000002560D8977C0 49] LinuxAArch64Server, [0000025613C79000][000002560CE69900 49] Android, [0000025613BDDD00][000002560D89BA40 49] Android_Low, [0000025613C7A600][000002560D89FB80 49] Android_Mid, [0000025613BDE500][000002560D8A2140 49] Android_High, [0000025613C79C00][000002560D8AA2C0 49] Android_Default, [0000025613BDDB00][000002560D8AE440 49] Android_Adreno4xx, [0000025613C78500][000002560D8B25C0 49] Android_Adreno5xx_Low, [0000025613BDCF00][000002560D8B6740 49] Android_Adreno5xx, [0000025613C7AB00][000002560D8BA8C0 49] Android_Adreno6xx, [0000025613BDE900][000002560D8BEA40 49] Android_Adreno6xx_Vulkan, [0000025613C7BC00][000002560D8C2BC0 49] Android_Mali_T6xx, [0000025613C24800][000002560D8C6D40 49] Android_Mali_T7xx, [0000025613BCCF00][000002560D8CAEC0 49] Android_Mali_T8xx, [0000025613C25800][000002560D8CF040 49] Android_Mali_G71, [0000025613BCC200][000002560D8D31C0 49] Android_Mali_G72, [0000025613C25900][000002560D8D7340 49] Android_Mali_G72_Vulkan, [0000025613BCD600][000002560D8DB4C0 49] Android_Mali_G76, [0000025613C25A00][000002560D8DF640 49] Android_Mali_G76_Vulkan, [0000025613BCDB00][000002560D8E37C0 49] Android_Mali_G77, [0000025613C27600][000002560D8E7940 49] Android_Mali_G77_Vulkan, [0000025613BCFF00][000002560D8EBAC0 49] Android_Mali_G78, [0000025613C27800][000002560D8A7C00 49] Android_Mali_G78_Vulkan, [0000025613BCF300][000002560D8EE1C0 49] Android_Mali_G710, [0000025613C27A00][000002560D8F2300 49] Android_Mali_G710_Vulkan, [0000025613BCC500][000002560D8FA480 49] Android_Vulkan_SM5, [0000025613C26D00][000002560D8FE600 49] Android_PowerVR_G6xxx, [0000025613BCE300][000002560D902780 49] Android_PowerVR_GT7xxx, [0000025613C26C00][000002560D906900 49] Android_PowerVR_GE8xxx, [0000025613BCC900][000002560D90AA80 49] Android_PowerVR_GM9xxx, [0000025613C24100][000002560D90EC00 49] Android_PowerVR_GM9xxx_Vulkan, [0000025613BCFD00][000002560D912D80 49] Android_TegraK1, [0000025613C25C00][000002560D916F00 49] Android_Unknown_Vulkan, [0000025613BCF100][000002560D91B080 49] Lumin, [0000025613C25D00][000002560D91F200 49] Lumin_Desktop, [0000025613BCF600][000002560D923380 49] HoloLens, 
[2021.09.13-05.22.19:038][  0]LogMeshReduction: Using QuadricMeshReduction for automatic static mesh reduction
[2021.09.13-05.22.19:038][  0]LogMeshReduction: Using SimplygonMeshReduction for automatic skeletal mesh reduction
[2021.09.13-05.22.19:038][  0]LogMeshReduction: Using ProxyLODMeshReduction for automatic mesh merging
[2021.09.13-05.22.19:038][  0]LogMeshReduction: No distributed automatic mesh merging module available
[2021.09.13-05.22.19:038][  0]LogMeshMerging: No distributed automatic mesh merging module available
[2021.09.13-05.22.19:131][  0]LogNetVersion: Group_3_Project_1 1.0.0, NetCL: 17155196, EngineNetVer: 17, GameNetVer: 0 (Checksum: 4140238031)
[2021.09.13-05.22.19:310][  0]LogTexture: Default maximum texture size for cubemaps generated from long-lat sources has been changed from 512 to unlimited. In order to preserve old behaiour for '/Engine/MapTemplates/Sky/DaylightAmbientCubemap.DaylightAmbientCubemap', its maximum texture size has been explicitly set to 512.
[2021.09.13-05.22.19:352][  0]LogHMD: PokeAHoleMaterial loaded successfully
[2021.09.13-05.22.19:430][  0]LogMoviePlayer: Initializing movie player
[2021.09.13-05.22.19:516][  0]LogNiagaraDebuggerClient: Niagara Debugger Client Initialized | Session: E29CCBEC4354B539A6C28A85AE6DA73B | Instance: 8D28804C4F86021E000A8D81EFD277F3 (DESKTOP-K7PL792-8500).
[2021.09.13-05.22.19:531][  0]LogCollectionManager: Loaded 0 collections in 0.001159 seconds
[2021.09.13-05.22.19:532][  0]LogFileCache: Scanning file cache for directory 'D:/Epic Games/Group-3/Group_3_Project_1/Saved/Collections/' took 0.00s
[2021.09.13-05.22.19:533][  0]LogFileCache: Scanning file cache for directory 'D:/Epic Games/Group-3/Group_3_Project_1/Content/Developers/Gianni/Collections/' took 0.00s
[2021.09.13-05.22.19:533][  0]LogFileCache: Scanning file cache for directory 'D:/Epic Games/Group-3/Group_3_Project_1/Content/Collections/' took 0.00s
[2021.09.13-05.22.19:533][  0]LogCollectionManager: Fixed up redirectors for 0 collections in 0.000002 seconds (updated 0 objects)
[2021.09.13-05.22.19:534][  0]LogStreaming: Warning: Failed to read file '../../../Engine/Content/Editor/Slate/Niagara/MenuSeparator.png' error.
[2021.09.13-05.22.19:534][  0]LogSlate: Could not find file for Slate resource: ../../../Engine/Content/Editor/Slate/Niagara/MenuSeparator.png
[2021.09.13-05.22.19:534][  0]LogStreaming: Warning: Failed to read file '../../../Engine/Content/Editor/Slate/Niagara/Common/Selector.png' error.
[2021.09.13-05.22.19:534][  0]LogSlate: Could not find file for Slate resource: ../../../Engine/Content/Editor/Slate/Niagara/Common/Selector.png
[2021.09.13-05.22.19:535][  0]LogStreaming: Warning: Failed to read file '../../../Engine/Content/Editor/Slate/Niagara/Common/Selection.png' error.
[2021.09.13-05.22.19:535][  0]LogStreaming: Warning: Failed to read file '../../../Engine/Content/Editor/Slate/Niagara/Common/DropZoneIndicator_Above.png' error.
[2021.09.13-05.22.19:535][  0]LogSlate: Could not find file for Slate resource: ../../../Engine/Content/Editor/Slate/Niagara/Common/DropZoneIndicator_Above.png
[2021.09.13-05.22.19:535][  0]LogStreaming: Warning: Failed to read file '../../../Engine/Content/Editor/Slate/Niagara/Common/DropZoneIndicator_Onto.png' error.
[2021.09.13-05.22.19:535][  0]LogSlate: Could not find file for Slate resource: ../../../Engine/Content/Editor/Slate/Niagara/Common/DropZoneIndicator_Onto.png
[2021.09.13-05.22.19:535][  0]LogStreaming: Warning: Failed to read file '../../../Engine/Content/Editor/Slate/Niagara/Common/DropZoneIndicator_Below.png' error.
[2021.09.13-05.22.19:535][  0]LogSlate: Could not find file for Slate resource: ../../../Engine/Content/Editor/Slate/Niagara/Common/DropZoneIndicator_Below.png
[2021.09.13-05.22.19:535][  0]LogSlate: Could not find file for Slate resource: ../../../Engine/Content/Editor/Slate/Niagara/Common/Selection.png
[2021.09.13-05.22.19:557][  0]LogStreaming: Warning: Failed to read file '../../../Engine/Content/Editor/Slate/Niagara/Common/FlatButton.png' error.
[2021.09.13-05.22.19:557][  0]LogSlate: Could not find file for Slate resource: ../../../Engine/Content/Editor/Slate/Niagara/Common/FlatButton.png
[2021.09.13-05.22.19:557][  0]LogStreaming: Warning: Failed to read file '../../../Engine/Content/Editor/Slate/Niagara/Common/RoundedSelection_16x.png' error.
[2021.09.13-05.22.19:557][  0]LogSlate: Could not find file for Slate resource: ../../../Engine/Content/Editor/Slate/Niagara/Common/RoundedSelection_16x.png
[2021.09.13-05.22.19:558][  0]LogImageWrapper: Warning: PNG Warning: Duplicate iCCP chunk
[2021.09.13-05.22.19:558][  0]LogImageWrapper: Warning: PNG Warning: Duplicate iCCP chunk
[2021.09.13-05.22.19:558][  0]LogPython: Using Python 3.7.7
[2021.09.13-05.22.19:934][  0]LogTcpMessaging: Initializing TcpMessaging bridge
[2021.09.13-05.22.19:937][  0]LogUdpMessaging: Initializing bridge on interface 0.0.0.0:0 to multicast group 230.0.0.1:6666.
[2021.09.13-05.22.20:060][  0]SourceControl: Source control is disabled
[2021.09.13-05.22.20:060][  0]SourceControl: Source control is disabled
[2021.09.13-05.22.20:062][  0]SourceControl: Source control is disabled
[2021.09.13-05.22.20:066][  0]LogUProjectInfo: Found projects:
[2021.09.13-05.22.20:127][  0]LogOpenImageDenoise: OIDN starting up
[2021.09.13-05.22.20:154][  0]LogAndroidPermission: UAndroidPermissionCallbackProxy::GetInstance
[2021.09.13-05.22.20:163][  0]LogAudioCaptureCore: Display: No Audio Capture implementations found. Audio input will be silent.
[2021.09.13-05.22.20:163][  0]LogAudioCaptureCore: Display: No Audio Capture implementations found. Audio input will be silent.
[2021.09.13-05.22.20:221][  0]LogOcInput: OculusInput pre-init called
[2021.09.13-05.22.20:229][  0]LogUObjectArray: 22121 objects as part of root set at end of initial load.
[2021.09.13-05.22.20:229][  0]LogUObjectAllocator: 5975440 out of 0 bytes used by permanent object pool.
[2021.09.13-05.22.20:229][  0]LogUObjectArray: CloseDisregardForGC: 0/0 objects in disregard for GC pool
[2021.09.13-05.22.20:265][  0]LogEngine: Initializing Engine...
[2021.09.13-05.22.20:267][  0]LogHMD: Failed to enumerate extensions. Please check that you have a valid OpenXR runtime installed.
[2021.09.13-05.22.20:267][  0]LogHMD: Failed to initialize OpenVR with code 110
[2021.09.13-05.22.20:267][  0]LogMagicLeap: Warning: VR disabled because ZI is not enabled.  To enable, in the editor, Edit -> Project Settings -> Plugins -> Magic Leap Plugin -> Enable Zero Iteration
[2021.09.13-05.22.20:269][  0]LogStats: UGameplayTagsManager::InitializeManager -  0.000 s
[2021.09.13-05.22.20:342][  0]LogInit: Initializing FReadOnlyCVARCache
[2021.09.13-05.22.20:342][  0]LogAudio: Display: Initializing Audio Device Manager...
[2021.09.13-05.22.20:345][  0]LogAudio: Display: Loading Default Audio Settings Objects...
[2021.09.13-05.22.20:345][  0]LogAudio: Display: No default SoundConcurrencyObject specified (or failed to load).
[2021.09.13-05.22.20:346][  0]LogAudio: Display: Audio Device Manager Initialized
[2021.09.13-05.22.20:346][  0]LogAudio: Display: Creating Audio Device:                 Id: 1, Scope: Shared, Realtime: True
[2021.09.13-05.22.20:346][  0]LogAudioMixer: Display: Audio Mixer Platform Settings:
[2021.09.13-05.22.20:346][  0]LogAudioMixer: Display: 	Sample Rate:						  48000
[2021.09.13-05.22.20:346][  0]LogAudioMixer: Display: 	Callback Buffer Frame Size Requested: 1024
[2021.09.13-05.22.20:346][  0]LogAudioMixer: Display: 	Callback Buffer Frame Size To Use:	  1024
[2021.09.13-05.22.20:346][  0]LogAudioMixer: Display: 	Number of buffers to queue:			  2
[2021.09.13-05.22.20:346][  0]LogAudioMixer: Display: 	Max Channels (voices):				  32
[2021.09.13-05.22.20:346][  0]LogAudioMixer: Display: 	Number of Async Source Workers:		  0
[2021.09.13-05.22.20:346][  0]LogAudio: Display: AudioDevice MaxSources: 32
[2021.09.13-05.22.20:346][  0]LogAudio: Display: Audio Spatialization Plugin: None (built-in).
[2021.09.13-05.22.20:346][  0]LogAudio: Display: Audio Reverb Plugin: None (built-in).
[2021.09.13-05.22.20:346][  0]LogAudio: Display: Audio Occlusion Plugin: None (built-in).
[2021.09.13-05.22.20:346][  0]LogAudioMixer: Display: Initializing audio mixer.
[2021.09.13-05.22.20:356][  0]LogAudioMixer: Display: 0: FrontLeft
[2021.09.13-05.22.20:356][  0]LogAudioMixer: Display: 1: FrontRight
[2021.09.13-05.22.20:371][  0]LogAudioMixer: Display: Using Audio Device Speakers (Realtek(R) Audio)
[2021.09.13-05.22.20:373][  0]LogAudioMixer: Display: Initializing Sound Submixes...
[2021.09.13-05.22.20:375][  0]LogAudioMixer: Display: Creating Master Submix 'MasterSubmixDefault'
[2021.09.13-05.22.20:375][  0]LogAudioMixer: Display: Creating Master Submix 'MasterReverbSubmixDefault'
[2021.09.13-05.22.20:376][  0]LogAudioMixer: Display: Creating Master Submix 'MasterEQSubmixDefault'
[2021.09.13-05.22.20:376][  0]LogAudioMixer: FMixerPlatformXAudio2::StartAudioStream() called
[2021.09.13-05.22.20:376][  0]LogAudioMixer: Display: Output buffers initialized: Frames=1024, Channels=2, Samples=2048
[2021.09.13-05.22.20:376][  0]LogAudioMixer: Display: Starting AudioMixerPlatformInterface::RunInternal()
[2021.09.13-05.22.20:376][  0]LogAudioMixer: Display: FMixerPlatformXAudio2::SubmitBuffer() called for the first time
[2021.09.13-05.22.20:376][  0]LogInit: FAudioDevice initialized.
[2021.09.13-05.22.20:377][  0]LogNetVersion: Set ProjectVersion to 1.0.0.0. Version Checksum will be recalculated on next use.
[2021.09.13-05.22.20:378][  0]LogInit: Texture streaming: Enabled
[2021.09.13-05.22.20:424][  0]LogAudio: Display: Audio Device (ID: 1) registered with world 'Untitled'.
[2021.09.13-05.22.20:424][  0]LogSlate: Updating window title bar state: overlay mode, drag disabled, window buttons hidden, title bar hidden
[2021.09.13-05.22.20:425][  0]LogInit: Display: Game Engine Initialized.
[2021.09.13-05.22.20:425][  0]LogNiagaraEditor: GEditor isn't valid! Particle reset commands will not work for Niagara components!
[2021.09.13-05.22.20:495][  0]LogStreaming: Warning: Failed to read file '../../../Engine/Content/Editor/Slate/Niagara/MenuSeparator.png' error.
[2021.09.13-05.22.20:495][  0]LogSlate: Could not find file for Slate resource: ../../../Engine/Content/Editor/Slate/Niagara/MenuSeparator.png
[2021.09.13-05.22.20:495][  0]LogStreaming: Warning: Failed to read file '../../../Engine/Content/Editor/Slate/Niagara/Common/Selector.png' error.
[2021.09.13-05.22.20:495][  0]LogSlate: Could not find file for Slate resource: ../../../Engine/Content/Editor/Slate/Niagara/Common/Selector.png
[2021.09.13-05.22.20:495][  0]LogStreaming: Warning: Failed to read file '../../../Engine/Content/Editor/Slate/Niagara/Common/DropZoneIndicator_Above.png' error.
[2021.09.13-05.22.20:495][  0]LogSlate: Could not find file for Slate resource: ../../../Engine/Content/Editor/Slate/Niagara/Common/DropZoneIndicator_Above.png
[2021.09.13-05.22.20:495][  0]LogStreaming: Warning: Failed to read file '../../../Engine/Content/Editor/Slate/Niagara/Common/Selection.png' error.
[2021.09.13-05.22.20:495][  0]LogSlate: Could not find file for Slate resource: ../../../Engine/Content/Editor/Slate/Niagara/Common/Selection.png
[2021.09.13-05.22.20:495][  0]LogStreaming: Warning: Failed to read file '../../../Engine/Content/Editor/Slate/Niagara/Common/DropZoneIndicator_Below.png' error.
[2021.09.13-05.22.20:495][  0]LogStreaming: Warning: Failed to read file '../../../Engine/Content/Editor/Slate/Niagara/Common/DropZoneIndicator_Onto.png' error.
[2021.09.13-05.22.20:495][  0]LogSlate: Could not find file for Slate resource: ../../../Engine/Content/Editor/Slate/Niagara/Common/DropZoneIndicator_Below.png
[2021.09.13-05.22.20:495][  0]LogStreaming: Warning: Failed to read file '../../../Engine/Content/Editor/Slate/Niagara/Common/RoundedSelection_16x.png' error.
[2021.09.13-05.22.20:495][  0]LogSlate: Could not find file for Slate resource: ../../../Engine/Content/Editor/Slate/Niagara/Common/RoundedSelection_16x.png
[2021.09.13-05.22.20:495][  0]LogStreaming: Warning: Failed to read file '../../../Engine/Content/Editor/Slate/Niagara/Common/FlatButton.png' error.
[2021.09.13-05.22.20:495][  0]LogSlate: Could not find file for Slate resource: ../../../Engine/Content/Editor/Slate/Niagara/Common/FlatButton.png
[2021.09.13-05.22.20:495][  0]LogSlate: Could not find file for Slate resource: ../../../Engine/Content/Editor/Slate/Niagara/Common/DropZoneIndicator_Onto.png
[2021.09.13-05.22.20:509][  0]LogImageWrapper: Warning: PNG Warning: Duplicate iCCP chunk
[2021.09.13-05.22.20:509][  0]LogImageWrapper: Warning: PNG Warning: Duplicate iCCP chunk
[2021.09.13-05.22.20:509][  0]LogInit: Display: Starting Game.
[2021.09.13-05.22.20:509][  0]LogNet: Browse: /Game/Levels/GameLevel?Name=Player
[2021.09.13-05.22.20:510][  0]LogLoad: LoadMap: /Game/Levels/GameLevel?Name=Player
[2021.09.13-05.22.20:510][  0]LogWorld: BeginTearingDown for /Temp/Untitled_0
[2021.09.13-05.22.20:511][  0]LogWorld: UWorld::CleanupWorld for Untitled, bSessionEnded=true, bCleanupResources=true
[2021.09.13-05.22.20:511][  0]LogSlate: InvalidateAllWidgets triggered.  All widgets were invalidated
[2021.09.13-05.22.20:514][  0]LogAudio: Display: Audio Device unregistered from world 'None'.
[2021.09.13-05.22.20:516][  0]LogUObjectHash: Compacting FUObjectHashTables data took   0.72ms
[2021.09.13-05.22.20:600][  0]LogAudio: Display: Audio Device (ID: 1) registered with world 'GameLevel'.
[2021.09.13-05.22.20:605][  0]LogAIModule: Creating AISystem for world GameLevel
[2021.09.13-05.22.20:605][  0]LogLoad: Game class is 'FirstPersonGameMode_C'
[2021.09.13-05.22.20:608][  0]LogWorld: Bringing World /Game/Levels/GameLevel.GameLevel up for play (max tick rate 0) at 2021.09.13-01.22.20
[2021.09.13-05.22.20:608][  0]LogWorld: Bringing up level for play took: 0.002409
[2021.09.13-05.22.20:610][  0]LogLoad: Took 0.100725 seconds to LoadMap(/Game/Levels/GameLevel)
[2021.09.13-05.22.20:690][  0]LogSlate: Took 0.000150 seconds to synchronously load lazily loaded font '../../../Engine/Content/Slate/Fonts/Roboto-Regular.ttf' (155K)
[2021.09.13-05.22.20:731][  0]LogRenderer: Reallocating scene render targets to support 1280x720 Format 10 NumSamples 1 (Frame:1).
[2021.09.13-05.22.20:731][  0]LogInit: Display: Engine is initialized. Leaving FEngineLoop::Init()
[2021.09.13-05.22.20:732][  0]LogLoad: (Engine Initialization) Total time: 4.28 seconds
[2021.09.13-05.22.20:732][  0]LogLoad: (Engine Initialization) Total Blueprint compile time: 0.00 seconds
[2021.09.13-05.22.20:734][  0]LogContentStreaming: Texture pool size now 1000 MB
[2021.09.13-05.22.20:735][  0]LogSlate: InvalidateAllWidgets triggered.  All widgets were invalidated
[2021.09.13-05.22.20:799][  0]LogRenderer: Reallocating scene render targets to support 128x128 Format 10 NumSamples 1 (Frame:1).
[2021.09.13-05.22.20:828][  0]LogRenderer: Reallocating scene render targets to support 1280x720 Format 10 NumSamples 1 (Frame:2).
[2021.09.13-05.22.20:837][  1]LogSlate: Took 0.000122 seconds to synchronously load lazily loaded font '../../../Engine/Content/Slate/Fonts/Roboto-Regular.ttf' (155K)
